[ 2016-07-22T12:24:55+08:00 ] ::1 /
INFO: [ app_init ] --START--
INFO: Run Behavior\BuildLiteBehavior [ RunTime:0.001000s ]
INFO: [ app_init ] --END-- [ RunTime:0.001000s ]
INFO: [ app_begin ] --START--
INFO: Run Behavior\ReadHtmlCacheBehavior [ RunTime:0.000000s ]
INFO: [ app_begin ] --END-- [ RunTime:0.002001s ]
SQL: SHOW COLUMNS FROM `goods` [ RunTime:0.0880s ]
SQL: SELECT * FROM `goods` WHERE ( status != -1 )  [ RunTime:0.0950s ]
NOTIC: [8192] Non-static method Org\Util\Date::dateDiff() should not be called statically, assuming $this from incompatible context E:\xampp\htdocs\weichou\wechou\Home\Controller\IndexController.class.php 第 19 行.
NOTIC: [8192] Non-static method Org\Util\Date::dateDiff() should not be called statically, assuming $this from incompatible context E:\xampp\htdocs\weichou\wechou\Home\Controller\IndexController.class.php 第 21 行.
NOTIC: [8192] Non-static method Org\Util\Date::dateDiff() should not be called statically, assuming $this from incompatible context E:\xampp\htdocs\weichou\wechou\Home\Controller\IndexController.class.php 第 23 行.
NOTIC: [8192] Non-static method Org\Util\Date::dateDiff() should not be called statically, assuming $this from incompatible context E:\xampp\htdocs\weichou\wechou\Home\Controller\IndexController.class.php 第 24 行.
NOTIC: [8192] Non-static method Org\Util\Date::dateDiff() should not be called statically, assuming $this from incompatible context E:\xampp\htdocs\weichou\wechou\Home\Controller\IndexController.class.php 第 19 行.
NOTIC: [8192] Non-static method Org\Util\Date::dateDiff() should not be called statically, assuming $this from incompatible context E:\xampp\htdocs\weichou\wechou\Home\Controller\IndexController.class.php 第 21 行.
NOTIC: [8192] Non-static method Org\Util\Date::dateDiff() should not be called statically, assuming $this from incompatible context E:\xampp\htdocs\weichou\wechou\Home\Controller\IndexController.class.php 第 23 行.
NOTIC: [8192] Non-static method Org\Util\Date::dateDiff() should not be called statically, assuming $this from incompatible context E:\xampp\htdocs\weichou\wechou\Home\Controller\IndexController.class.php 第 24 行.
INFO: [ view_parse ] --START--
INFO: [ template_filter ] --START--
INFO: Run Behavior\ContentReplaceBehavior [ RunTime:0.000000s ]
INFO: [ template_filter ] --END-- [ RunTime:0.000000s ]
INFO: Run Behavior\ParseTemplateBehavior [ RunTime:0.043002s ]
INFO: [ view_parse ] --END-- [ RunTime:0.044002s ]
INFO: [ view_filter ] --START--
INFO: Run Behavior\WriteHtmlCacheBehavior [ RunTime:0.000000s ]
INFO: [ view_filter ] --END-- [ RunTime:0.000000s ]
INFO: [ app_end ] --START--
INFO: Run Behavior\ShowPageTraceBehavior [ RunTime:0.001000s ]
INFO: [ app_end ] --END-- [ RunTime:0.001000s ]

[ 2016-07-22T12:24:56+08:00 ] ::1 /img/img1.jpg
INFO: [ app_init ] --START--
INFO: Run Behavior\BuildLiteBehavior [ RunTime:0.000000s ]
INFO: [ app_init ] --END-- [ RunTime:0.001000s ]

[ 2016-07-22T12:24:56+08:00 ] ::1 /img/img12.jpg
INFO: [ app_init ] --START--
INFO: Run Behavior\BuildLiteBehavior [ RunTime:0.000000s ]
INFO: [ app_init ] --END-- [ RunTime:0.001001s ]

[ 2016-07-22T12:24:56+08:00 ] ::1 /img/img10.jpg
INFO: [ app_init ] --START--
INFO: Run Behavior\BuildLiteBehavior [ RunTime:0.000000s ]
INFO: [ app_init ] --END-- [ RunTime:0.000000s ]

[ 2016-07-22T12:24:56+08:00 ] ::1 /img/img11.jpg
INFO: [ app_init ] --START--
INFO: Run Behavior\BuildLiteBehavior [ RunTime:0.000000s ]
INFO: [ app_init ] --END-- [ RunTime:0.001001s ]

[ 2016-07-22T12:24:56+08:00 ] ::1 /img/img9.jpg
INFO: [ app_init ] --START--
INFO: Run Behavior\BuildLiteBehavior [ RunTime:0.000000s ]
INFO: [ app_init ] --END-- [ RunTime:0.000000s ]

[ 2016-07-22T12:24:56+08:00 ] ::1 /img/img8.jpg
INFO: [ app_init ] --START--
INFO: Run Behavior\BuildLiteBehavior [ RunTime:0.000000s ]
INFO: [ app_init ] --END-- [ RunTime:0.001000s ]

[ 2016-07-22T12:24:57+08:00 ] ::1 /img/img7.jpg
INFO: [ app_init ] --START--
INFO: Run Behavior\BuildLiteBehavior [ RunTime:0.000000s ]
INFO: [ app_init ] --END-- [ RunTime:0.001000s ]

[ 2016-07-22T12:24:57+08:00 ] ::1 /img/img6.jpg
INFO: [ app_init ] --START--
INFO: Run Behavior\BuildLiteBehavior [ RunTime:0.000000s ]
INFO: [ app_init ] --END-- [ RunTime:0.001000s ]

[ 2016-07-22T12:24:57+08:00 ] ::1 /img/img5.jpg
INFO: [ app_init ] --START--
INFO: Run Behavior\BuildLiteBehavior [ RunTime:0.000000s ]
INFO: [ app_init ] --END-- [ RunTime:0.001000s ]

[ 2016-07-22T12:24:57+08:00 ] ::1 /img/img4.jpg
INFO: [ app_init ] --START--
INFO: Run Behavior\BuildLiteBehavior [ RunTime:0.000000s ]
INFO: [ app_init ] --END-- [ RunTime:0.001000s ]

[ 2016-07-22T12:24:57+08:00 ] ::1 /img/img3.jpg
INFO: [ app_init ] --START--
INFO: Run Behavior\BuildLiteBehavior [ RunTime:0.000000s ]
INFO: [ app_init ] --END-- [ RunTime:0.001000s ]

[ 2016-07-22T12:24:57+08:00 ] ::1 /img/img2.jpg
INFO: [ app_init ] --START--
INFO: Run Behavior\BuildLiteBehavior [ RunTime:0.000000s ]
INFO: [ app_init ] --END-- [ RunTime:0.001001s ]

[ 2016-07-22T12:24:58+08:00 ] ::1 /img/user_avatar_704px_1195968_easyicon.net.png
INFO: [ app_init ] --START--
INFO: Run Behavior\BuildLiteBehavior [ RunTime:0.000000s ]
INFO: [ app_init ] --END-- [ RunTime:0.001000s ]

[ 2016-07-22T12:25:16+08:00 ] ::1 /Index/content?goods_id=4
INFO: [ app_init ] --START--
INFO: Run Behavior\BuildLiteBehavior [ RunTime:0.000000s ]
INFO: [ app_init ] --END-- [ RunTime:0.001000s ]
INFO: [ app_begin ] --START--
INFO: Run Behavior\ReadHtmlCacheBehavior [ RunTime:0.001000s ]
INFO: [ app_begin ] --END-- [ RunTime:0.001000s ]
SQL: SHOW COLUMNS FROM `goods` [ RunTime:0.0050s ]
SQL: SHOW COLUMNS FROM `spec` [ RunTime:0.0640s ]
SQL: SHOW COLUMNS FROM `expenses` [ RunTime:0.1320s ]
SQL: SELECT * FROM `goods` WHERE ( goods.gid=4 && status=2  ) LIMIT 1   [ RunTime:0.0340s ]
SQL: SELECT * FROM `spec` WHERE ( gid=4 ) ORDER BY money asc  [ RunTime:0.0010s ]
SQL: SELECT * FROM `expenses` WHERE ( gid=4 ) LIMIT 1   [ RunTime:0.0010s ]
INFO: [ view_parse ] --START--
INFO: [ template_filter ] --START--
INFO: Run Behavior\ContentReplaceBehavior [ RunTime:0.000000s ]
INFO: [ template_filter ] --END-- [ RunTime:0.000000s ]
INFO: Run Behavior\ParseTemplateBehavior [ RunTime:0.051003s ]
INFO: [ view_parse ] --END-- [ RunTime:0.051003s ]
INFO: [ view_filter ] --START--
INFO: Run Behavior\WriteHtmlCacheBehavior [ RunTime:0.000000s ]
INFO: [ view_filter ] --END-- [ RunTime:0.000000s ]
INFO: [ app_end ] --START--
INFO: Run Behavior\ShowPageTraceBehavior [ RunTime:0.001000s ]
INFO: [ app_end ] --END-- [ RunTime:0.001000s ]

[ 2016-07-22T12:26:30+08:00 ] ::1 /
INFO: [ app_init ] --START--
INFO: Run Behavior\BuildLiteBehavior [ RunTime:0.000000s ]
INFO: [ app_init ] --END-- [ RunTime:0.001000s ]
INFO: [ app_begin ] --START--
INFO: Run Behavior\ReadHtmlCacheBehavior [ RunTime:0.002000s ]
INFO: [ app_begin ] --END-- [ RunTime:0.003000s ]
SQL: SHOW COLUMNS FROM `goods` [ RunTime:0.0050s ]
SQL: SELECT * FROM `goods` WHERE ( status != -1 )  [ RunTime:0.0010s ]
NOTIC: [8192] Non-static method Org\Util\Date::dateDiff() should not be called statically, assuming $this from incompatible context E:\xampp\htdocs\weichou\wechou\Home\Controller\IndexController.class.php 第 19 行.
NOTIC: [8192] Non-static method Org\Util\Date::dateDiff() should not be called statically, assuming $this from incompatible context E:\xampp\htdocs\weichou\wechou\Home\Controller\IndexController.class.php 第 21 行.
NOTIC: [8192] Non-static method Org\Util\Date::dateDiff() should not be called statically, assuming $this from incompatible context E:\xampp\htdocs\weichou\wechou\Home\Controller\IndexController.class.php 第 23 行.
NOTIC: [8192] Non-static method Org\Util\Date::dateDiff() should not be called statically, assuming $this from incompatible context E:\xampp\htdocs\weichou\wechou\Home\Controller\IndexController.class.php 第 24 行.
NOTIC: [8192] Non-static method Org\Util\Date::dateDiff() should not be called statically, assuming $this from incompatible context E:\xampp\htdocs\weichou\wechou\Home\Controller\IndexController.class.php 第 19 行.
NOTIC: [8192] Non-static method Org\Util\Date::dateDiff() should not be called statically, assuming $this from incompatible context E:\xampp\htdocs\weichou\wechou\Home\Controller\IndexController.class.php 第 21 行.
NOTIC: [8192] Non-static method Org\Util\Date::dateDiff() should not be called statically, assuming $this from incompatible context E:\xampp\htdocs\weichou\wechou\Home\Controller\IndexController.class.php 第 23 行.
NOTIC: [8192] Non-static method Org\Util\Date::dateDiff() should not be called statically, assuming $this from incompatible context E:\xampp\htdocs\weichou\wechou\Home\Controller\IndexController.class.php 第 24 行.
INFO: [ view_parse ] --START--
INFO: [ template_filter ] --START--
INFO: Run Behavior\ContentReplaceBehavior [ RunTime:0.001000s ]
INFO: [ template_filter ] --END-- [ RunTime:0.001000s ]
INFO: Run Behavior\ParseTemplateBehavior [ RunTime:0.010001s ]
INFO: [ view_parse ] --END-- [ RunTime:0.010001s ]
INFO: [ view_filter ] --START--
INFO: Run Behavior\WriteHtmlCacheBehavior [ RunTime:0.001000s ]
INFO: [ view_filter ] --END-- [ RunTime:0.001000s ]
INFO: [ app_end ] --START--
INFO: Run Behavior\ShowPageTraceBehavior [ RunTime:0.001000s ]
INFO: [ app_end ] --END-- [ RunTime:0.001000s ]

[ 2016-07-22T12:26:30+08:00 ] ::1 /img/img12.jpg
INFO: [ app_init ] --START--
INFO: Run Behavior\BuildLiteBehavior [ RunTime:0.000000s ]
INFO: [ app_init ] --END-- [ RunTime:0.000000s ]

[ 2016-07-22T12:26:30+08:00 ] ::1 /img/img9.jpg
INFO: [ app_init ] --START--
INFO: Run Behavior\BuildLiteBehavior [ RunTime:0.000000s ]
INFO: [ app_init ] --END-- [ RunTime:0.001000s ]

[ 2016-07-22T12:26:30+08:00 ] ::1 /img/img10.jpg
INFO: [ app_init ] --START--
INFO: Run Behavior\BuildLiteBehavior [ RunTime:0.000000s ]
INFO: [ app_init ] --END-- [ RunTime:0.001000s ]

[ 2016-07-22T12:26:30+08:00 ] ::1 /img/img11.jpg
INFO: [ app_init ] --START--
INFO: Run Behavior\BuildLiteBehavior [ RunTime:0.000000s ]
INFO: [ app_init ] --END-- [ RunTime:0.001000s ]

[ 2016-07-22T12:26:30+08:00 ] ::1 /img/img1.jpg
INFO: [ app_init ] --START--
INFO: Run Behavior\BuildLiteBehavior [ RunTime:0.000000s ]
INFO: [ app_init ] --END-- [ RunTime:0.001000s ]

[ 2016-07-22T12:26:30+08:00 ] ::1 /img/img7.jpg
INFO: [ app_init ] --START--
INFO: Run Behavior\BuildLiteBehavior [ RunTime:0.000000s ]
INFO: [ app_init ] --END-- [ RunTime:0.001000s ]

[ 2016-07-22T12:26:30+08:00 ] ::1 /img/img5.jpg
INFO: [ app_init ] --START--
INFO: Run Behavior\BuildLiteBehavior [ RunTime:0.000000s ]
INFO: [ app_init ] --END-- [ RunTime:0.001000s ]

[ 2016-07-22T12:26:30+08:00 ] ::1 /img/img3.jpg
INFO: [ app_init ] --START--
INFO: Run Behavior\BuildLiteBehavior [ RunTime:0.000000s ]
INFO: [ app_init ] --END-- [ RunTime:0.001000s ]

[ 2016-07-22T12:26:30+08:00 ] ::1 /img/img2.jpg
INFO: [ app_init ] --START--
INFO: Run Behavior\BuildLiteBehavior [ RunTime:0.000000s ]
INFO: [ app_init ] --END-- [ RunTime:0.001000s ]

[ 2016-07-22T12:26:30+08:00 ] ::1 /img/img6.jpg
INFO: [ app_init ] --START--
INFO: Run Behavior\BuildLiteBehavior [ RunTime:0.000000s ]
INFO: [ app_init ] --END-- [ RunTime:0.000000s ]

[ 2016-07-22T12:26:30+08:00 ] ::1 /img/img4.jpg
INFO: [ app_init ] --START--
INFO: Run Behavior\BuildLiteBehavior [ RunTime:0.000000s ]
INFO: [ app_init ] --END-- [ RunTime:0.000000s ]

[ 2016-07-22T12:26:30+08:00 ] ::1 /img/user_avatar_704px_1195968_easyicon.net.png
INFO: [ app_init ] --START--
INFO: Run Behavior\BuildLiteBehavior [ RunTime:0.000000s ]
INFO: [ app_init ] --END-- [ RunTime:0.001000s ]

[ 2016-07-22T12:26:30+08:00 ] ::1 /img/img8.jpg
INFO: [ app_init ] --START--
INFO: Run Behavior\BuildLiteBehavior [ RunTime:0.000000s ]
INFO: [ app_init ] --END-- [ RunTime:0.001000s ]

[ 2016-07-22T12:26:30+08:00 ] ::1 /favicon.ico
INFO: [ app_init ] --START--
INFO: Run Behavior\BuildLiteBehavior [ RunTime:0.000000s ]
INFO: [ app_init ] --END-- [ RunTime:0.000000s ]

[ 2016-07-22T12:26:32+08:00 ] ::1 /Index/content?goods_id=3
INFO: [ app_init ] --START--
INFO: Run Behavior\BuildLiteBehavior [ RunTime:0.000000s ]
INFO: [ app_init ] --END-- [ RunTime:0.000000s ]
INFO: [ app_begin ] --START--
INFO: Run Behavior\ReadHtmlCacheBehavior [ RunTime:0.000000s ]
INFO: [ app_begin ] --END-- [ RunTime:0.000000s ]
SQL: SHOW COLUMNS FROM `goods` [ RunTime:0.0050s ]
SQL: SHOW COLUMNS FROM `spec` [ RunTime:0.0040s ]
SQL: SHOW COLUMNS FROM `expenses` [ RunTime:0.0030s ]
SQL: SELECT * FROM `goods` WHERE ( goods.gid=3 && status=2  ) LIMIT 1   [ RunTime:0.0000s ]
SQL: SELECT * FROM `spec` WHERE ( gid=3 ) ORDER BY money asc  [ RunTime:0.0000s ]
SQL: SELECT * FROM `expenses` WHERE ( gid=3 ) LIMIT 1   [ RunTime:0.0010s ]
INFO: [ view_parse ] --START--
INFO: [ template_filter ] --START--
INFO: Run Behavior\ContentReplaceBehavior [ RunTime:0.001000s ]
INFO: [ template_filter ] --END-- [ RunTime:0.001000s ]
INFO: Run Behavior\ParseTemplateBehavior [ RunTime:0.010001s ]
INFO: [ view_parse ] --END-- [ RunTime:0.010001s ]
INFO: [ view_filter ] --START--
INFO: Run Behavior\WriteHtmlCacheBehavior [ RunTime:0.001000s ]
INFO: [ view_filter ] --END-- [ RunTime:0.001000s ]
INFO: [ app_end ] --START--
INFO: Run Behavior\ShowPageTraceBehavior [ RunTime:0.001000s ]
INFO: [ app_end ] --END-- [ RunTime:0.001000s ]

[ 2016-07-22T12:26:39+08:00 ] ::1 /Index/content?goods_id=4
INFO: [ app_init ] --START--
INFO: Run Behavior\BuildLiteBehavior [ RunTime:0.000000s ]
INFO: [ app_init ] --END-- [ RunTime:0.000000s ]
INFO: [ app_begin ] --START--
INFO: Run Behavior\ReadHtmlCacheBehavior [ RunTime:0.000000s ]
INFO: [ app_begin ] --END-- [ RunTime:0.000000s ]
SQL: SHOW COLUMNS FROM `goods` [ RunTime:0.0090s ]
SQL: SHOW COLUMNS FROM `spec` [ RunTime:0.0060s ]
SQL: SHOW COLUMNS FROM `expenses` [ RunTime:0.0040s ]
SQL: SELECT * FROM `goods` WHERE ( goods.gid=4 && status=2  ) LIMIT 1   [ RunTime:0.0010s ]
SQL: SELECT * FROM `spec` WHERE ( gid=4 ) ORDER BY money asc  [ RunTime:0.0000s ]
SQL: SELECT * FROM `expenses` WHERE ( gid=4 ) LIMIT 1   [ RunTime:0.0000s ]
INFO: [ view_parse ] --START--
INFO: [ template_filter ] --START--
INFO: Run Behavior\ContentReplaceBehavior [ RunTime:0.000000s ]
INFO: [ template_filter ] --END-- [ RunTime:0.000000s ]
INFO: Run Behavior\ParseTemplateBehavior [ RunTime:0.013001s ]
INFO: [ view_parse ] --END-- [ RunTime:0.013001s ]
INFO: [ view_filter ] --START--
INFO: Run Behavior\WriteHtmlCacheBehavior [ RunTime:0.000000s ]
INFO: [ view_filter ] --END-- [ RunTime:0.000000s ]
INFO: [ app_end ] --START--
INFO: Run Behavior\ShowPageTraceBehavior [ RunTime:0.000000s ]
INFO: [ app_end ] --END-- [ RunTime:0.001000s ]

[ 2016-07-22T12:28:03+08:00 ] ::1 /Index/content?goods_id=3
INFO: [ app_init ] --START--
INFO: Run Behavior\BuildLiteBehavior [ RunTime:0.000000s ]
INFO: [ app_init ] --END-- [ RunTime:0.001000s ]
INFO: [ app_begin ] --START--
INFO: Run Behavior\ReadHtmlCacheBehavior [ RunTime:0.001000s ]
INFO: [ app_begin ] --END-- [ RunTime:0.001000s ]
SQL: SHOW COLUMNS FROM `goods` [ RunTime:0.0050s ]
SQL: SHOW COLUMNS FROM `spec` [ RunTime:0.0040s ]
SQL: SHOW COLUMNS FROM `expenses` [ RunTime:0.0030s ]
SQL: SELECT * FROM `goods` WHERE ( goods.gid=3 && status=2  ) LIMIT 1   [ RunTime:0.0000s ]
SQL: SELECT * FROM `spec` WHERE ( gid=3 ) ORDER BY money asc  [ RunTime:0.0000s ]
SQL: SELECT * FROM `expenses` WHERE ( gid=3 ) LIMIT 1   [ RunTime:0.0000s ]
INFO: [ view_parse ] --START--
INFO: [ template_filter ] --START--
INFO: Run Behavior\ContentReplaceBehavior [ RunTime:0.000000s ]
INFO: [ template_filter ] --END-- [ RunTime:0.000000s ]
INFO: Run Behavior\ParseTemplateBehavior [ RunTime:0.011001s ]
INFO: [ view_parse ] --END-- [ RunTime:0.011001s ]
INFO: [ view_filter ] --START--
INFO: Run Behavior\WriteHtmlCacheBehavior [ RunTime:0.001000s ]
INFO: [ view_filter ] --END-- [ RunTime:0.001000s ]
INFO: [ app_end ] --START--
INFO: Run Behavior\ShowPageTraceBehavior [ RunTime:0.001000s ]
INFO: [ app_end ] --END-- [ RunTime:0.001000s ]

[ 2016-07-22T12:28:06+08:00 ] ::1 /Index/check/goods_id/3
INFO: [ app_init ] --START--
INFO: Run Behavior\BuildLiteBehavior [ RunTime:0.000000s ]
INFO: [ app_init ] --END-- [ RunTime:0.000000s ]
INFO: [ app_begin ] --START--
INFO: Run Behavior\ReadHtmlCacheBehavior [ RunTime:0.000000s ]
INFO: [ app_begin ] --END-- [ RunTime:0.000000s ]
SQL: SHOW COLUMNS FROM `spec` [ RunTime:0.0040s ]
SQL: SELECT * FROM `spec` WHERE ( gid=3 ) ORDER BY money asc  [ RunTime:0.0010s ]
INFO: [ view_parse ] --START--
INFO: [ template_filter ] --START--
INFO: Run Behavior\ContentReplaceBehavior [ RunTime:0.000000s ]
INFO: [ template_filter ] --END-- [ RunTime:0.000000s ]
INFO: Run Behavior\ParseTemplateBehavior [ RunTime:0.053003s ]
INFO: [ view_parse ] --END-- [ RunTime:0.053003s ]
INFO: [ view_filter ] --START--
INFO: Run Behavior\WriteHtmlCacheBehavior [ RunTime:0.001000s ]
INFO: [ view_filter ] --END-- [ RunTime:0.001000s ]
INFO: [ app_end ] --START--
INFO: Run Behavior\ShowPageTraceBehavior [ RunTime:0.001000s ]
INFO: [ app_end ] --END-- [ RunTime:0.001000s ]

[ 2016-07-22T12:28:17+08:00 ] ::1 /Index/addr.html
INFO: [ app_init ] --START--
INFO: Run Behavior\BuildLiteBehavior [ RunTime:0.000000s ]
INFO: [ app_init ] --END-- [ RunTime:0.000000s ]
INFO: [ app_begin ] --START--
INFO: Run Behavior\ReadHtmlCacheBehavior [ RunTime:0.001000s ]
INFO: [ app_begin ] --END-- [ RunTime:0.001000s ]
INFO: [ view_parse ] --START--
INFO: [ template_filter ] --START--
INFO: Run Behavior\ContentReplaceBehavior [ RunTime:0.000000s ]
INFO: [ template_filter ] --END-- [ RunTime:0.000000s ]
INFO: Run Behavior\ParseTemplateBehavior [ RunTime:0.095005s ]
INFO: [ view_parse ] --END-- [ RunTime:0.095005s ]
INFO: [ view_filter ] --START--
INFO: Run Behavior\WriteHtmlCacheBehavior [ RunTime:0.000000s ]
INFO: [ view_filter ] --END-- [ RunTime:0.001000s ]
INFO: [ app_end ] --START--
INFO: Run Behavior\ShowPageTraceBehavior [ RunTime:0.001000s ]
INFO: [ app_end ] --END-- [ RunTime:0.001000s ]

[ 2016-07-22T12:28:18+08:00 ] ::1 /Public/css/home/img/icon.png
INFO: [ app_init ] --START--
INFO: Run Behavior\BuildLiteBehavior [ RunTime:0.000000s ]
INFO: [ app_init ] --END-- [ RunTime:0.001000s ]

[ 2016-07-22T12:29:00+08:00 ] ::1 /
INFO: [ app_init ] --START--
INFO: Run Behavior\BuildLiteBehavior [ RunTime:0.000000s ]
INFO: [ app_init ] --END-- [ RunTime:0.001000s ]
INFO: [ app_begin ] --START--
INFO: Run Behavior\ReadHtmlCacheBehavior [ RunTime:0.001000s ]
INFO: [ app_begin ] --END-- [ RunTime:0.001000s ]
SQL: SHOW COLUMNS FROM `goods` [ RunTime:0.0050s ]
SQL: SELECT * FROM `goods` WHERE ( status != -1 )  [ RunTime:0.0010s ]
NOTIC: [8192] Non-static method Org\Util\Date::dateDiff() should not be called statically, assuming $this from incompatible context E:\xampp\htdocs\weichou\wechou\Home\Controller\IndexController.class.php 第 19 行.
NOTIC: [8192] Non-static method Org\Util\Date::dateDiff() should not be called statically, assuming $this from incompatible context E:\xampp\htdocs\weichou\wechou\Home\Controller\IndexController.class.php 第 21 行.
NOTIC: [8192] Non-static method Org\Util\Date::dateDiff() should not be called statically, assuming $this from incompatible context E:\xampp\htdocs\weichou\wechou\Home\Controller\IndexController.class.php 第 23 行.
NOTIC: [8192] Non-static method Org\Util\Date::dateDiff() should not be called statically, assuming $this from incompatible context E:\xampp\htdocs\weichou\wechou\Home\Controller\IndexController.class.php 第 24 行.
NOTIC: [8192] Non-static method Org\Util\Date::dateDiff() should not be called statically, assuming $this from incompatible context E:\xampp\htdocs\weichou\wechou\Home\Controller\IndexController.class.php 第 19 行.
NOTIC: [8192] Non-static method Org\Util\Date::dateDiff() should not be called statically, assuming $this from incompatible context E:\xampp\htdocs\weichou\wechou\Home\Controller\IndexController.class.php 第 21 行.
NOTIC: [8192] Non-static method Org\Util\Date::dateDiff() should not be called statically, assuming $this from incompatible context E:\xampp\htdocs\weichou\wechou\Home\Controller\IndexController.class.php 第 23 行.
NOTIC: [8192] Non-static method Org\Util\Date::dateDiff() should not be called statically, assuming $this from incompatible context E:\xampp\htdocs\weichou\wechou\Home\Controller\IndexController.class.php 第 24 行.
INFO: [ view_parse ] --START--
INFO: [ template_filter ] --START--
INFO: Run Behavior\ContentReplaceBehavior [ RunTime:0.000000s ]
INFO: [ template_filter ] --END-- [ RunTime:0.000000s ]
INFO: Run Behavior\ParseTemplateBehavior [ RunTime:0.012000s ]
INFO: [ view_parse ] --END-- [ RunTime:0.012000s ]
INFO: [ view_filter ] --START--
INFO: Run Behavior\WriteHtmlCacheBehavior [ RunTime:0.001000s ]
INFO: [ view_filter ] --END-- [ RunTime:0.001000s ]
INFO: [ app_end ] --START--
INFO: Run Behavior\ShowPageTraceBehavior [ RunTime:0.001000s ]
INFO: [ app_end ] --END-- [ RunTime:0.001000s ]

[ 2016-07-22T12:29:00+08:00 ] ::1 /img/img1.jpg
INFO: [ app_init ] --START--
INFO: Run Behavior\BuildLiteBehavior [ RunTime:0.000000s ]
INFO: [ app_init ] --END-- [ RunTime:0.000000s ]

[ 2016-07-22T12:29:00+08:00 ] ::1 /img/img12.jpg
INFO: [ app_init ] --START--
INFO: Run Behavior\BuildLiteBehavior [ RunTime:0.000000s ]
INFO: [ app_init ] --END-- [ RunTime:0.000000s ]

[ 2016-07-22T12:29:00+08:00 ] ::1 /img/img7.jpg
INFO: [ app_init ] --START--
INFO: Run Behavior\BuildLiteBehavior [ RunTime:0.000000s ]
INFO: [ app_init ] --END-- [ RunTime:0.000000s ]

[ 2016-07-22T12:29:00+08:00 ] ::1 /img/img10.jpg
INFO: [ app_init ] --START--
INFO: Run Behavior\BuildLiteBehavior [ RunTime:0.000000s ]
INFO: [ app_init ] --END-- [ RunTime:0.001000s ]

[ 2016-07-22T12:29:00+08:00 ] ::1 /img/img9.jpg
INFO: [ app_init ] --START--
INFO: Run Behavior\BuildLiteBehavior [ RunTime:0.000000s ]
INFO: [ app_init ] --END-- [ RunTime:0.000000s ]

[ 2016-07-22T12:29:00+08:00 ] ::1 /img/img11.jpg
INFO: [ app_init ] --START--
INFO: Run Behavior\BuildLiteBehavior [ RunTime:0.000000s ]
INFO: [ app_init ] --END-- [ RunTime:0.001000s ]

[ 2016-07-22T12:29:00+08:00 ] ::1 /img/img8.jpg
INFO: [ app_init ] --START--
INFO: Run Behavior\BuildLiteBehavior [ RunTime:0.041002s ]
INFO: [ app_init ] --END-- [ RunTime:0.041002s ]

[ 2016-07-22T12:29:00+08:00 ] ::1 /img/img6.jpg
INFO: [ app_init ] --START--
INFO: Run Behavior\BuildLiteBehavior [ RunTime:0.000000s ]
INFO: [ app_init ] --END-- [ RunTime:0.001000s ]

[ 2016-07-22T12:29:00+08:00 ] ::1 /img/img3.jpg
INFO: [ app_init ] --START--
INFO: Run Behavior\BuildLiteBehavior [ RunTime:0.000000s ]
INFO: [ app_init ] --END-- [ RunTime:0.002000s ]

[ 2016-07-22T12:29:00+08:00 ] ::1 /img/img5.jpg
INFO: [ app_init ] --START--
INFO: Run Behavior\BuildLiteBehavior [ RunTime:0.000000s ]
INFO: [ app_init ] --END-- [ RunTime:0.005001s ]

[ 2016-07-22T12:29:00+08:00 ] ::1 /img/img4.jpg
INFO: [ app_init ] --START--
INFO: Run Behavior\BuildLiteBehavior [ RunTime:0.000000s ]
INFO: [ app_init ] --END-- [ RunTime:0.001000s ]

[ 2016-07-22T12:29:00+08:00 ] ::1 /img/img2.jpg
INFO: [ app_init ] --START--
INFO: Run Behavior\BuildLiteBehavior [ RunTime:0.000000s ]
INFO: [ app_init ] --END-- [ RunTime:0.002000s ]

[ 2016-07-22T12:29:00+08:00 ] ::1 /img/user_avatar_704px_1195968_easyicon.net.png
INFO: [ app_init ] --START--
INFO: Run Behavior\BuildLiteBehavior [ RunTime:0.001000s ]
INFO: [ app_init ] --END-- [ RunTime:0.001000s ]

[ 2016-07-22T12:29:13+08:00 ] ::1 /Index/content?goods_id=3
INFO: [ app_init ] --START--
INFO: Run Behavior\BuildLiteBehavior [ RunTime:0.000000s ]
INFO: [ app_init ] --END-- [ RunTime:0.000000s ]
INFO: [ app_begin ] --START--
INFO: Run Behavior\ReadHtmlCacheBehavior [ RunTime:0.001000s ]
INFO: [ app_begin ] --END-- [ RunTime:0.001000s ]
SQL: SHOW COLUMNS FROM `goods` [ RunTime:0.0040s ]
SQL: SHOW COLUMNS FROM `spec` [ RunTime:0.0050s ]
SQL: SHOW COLUMNS FROM `expenses` [ RunTime:0.0040s ]
SQL: SELECT * FROM `goods` WHERE ( goods.gid=3 && status=2  ) LIMIT 1   [ RunTime:0.0040s ]
SQL: SELECT * FROM `spec` WHERE ( gid=3 ) ORDER BY money asc  [ RunTime:0.0010s ]
SQL: SELECT * FROM `expenses` WHERE ( gid=3 ) LIMIT 1   [ RunTime:0.0000s ]
INFO: [ view_parse ] --START--
INFO: [ template_filter ] --START--
INFO: Run Behavior\ContentReplaceBehavior [ RunTime:0.000000s ]
INFO: [ template_filter ] --END-- [ RunTime:0.000000s ]
INFO: Run Behavior\ParseTemplateBehavior [ RunTime:0.014001s ]
INFO: [ view_parse ] --END-- [ RunTime:0.014001s ]
INFO: [ view_filter ] --START--
INFO: Run Behavior\WriteHtmlCacheBehavior [ RunTime:0.000000s ]
INFO: [ view_filter ] --END-- [ RunTime:0.000000s ]
INFO: [ app_end ] --START--
INFO: Run Behavior\ShowPageTraceBehavior [ RunTime:0.001000s ]
INFO: [ app_end ] --END-- [ RunTime:0.001000s ]

