[ 2016-07-04T21:14:17+08:00 ] ::1 /
INFO: [ app_init ] --START--
INFO: Run Behavior\BuildLiteBehavior [ RunTime:0.000000s ]
INFO: [ app_init ] --END-- [ RunTime:0.050003s ]
INFO: [ app_begin ] --START--
INFO: Run Behavior\ReadHtmlCacheBehavior [ RunTime:0.002000s ]
INFO: [ app_begin ] --END-- [ RunTime:0.002000s ]
SQL: SHOW COLUMNS FROM `goods` [ RunTime:0.2630s ]
SQL: SELECT * FROM `goods` WHERE ( status != -1 )  [ RunTime:0.1220s ]
NOTIC: [8192] Non-static method Org\Util\Date::dateDiff() should not be called statically, assuming $this from incompatible context E:\xampp\htdocs\wechou\wechou\Home\Controller\IndexController.class.php 第 19 行.
NOTIC: [8192] Non-static method Org\Util\Date::dateDiff() should not be called statically, assuming $this from incompatible context E:\xampp\htdocs\wechou\wechou\Home\Controller\IndexController.class.php 第 21 行.
NOTIC: [8192] Non-static method Org\Util\Date::dateDiff() should not be called statically, assuming $this from incompatible context E:\xampp\htdocs\wechou\wechou\Home\Controller\IndexController.class.php 第 23 行.
NOTIC: [8192] Non-static method Org\Util\Date::dateDiff() should not be called statically, assuming $this from incompatible context E:\xampp\htdocs\wechou\wechou\Home\Controller\IndexController.class.php 第 24 行.
NOTIC: [8192] Non-static method Org\Util\Date::dateDiff() should not be called statically, assuming $this from incompatible context E:\xampp\htdocs\wechou\wechou\Home\Controller\IndexController.class.php 第 19 行.
NOTIC: [8192] Non-static method Org\Util\Date::dateDiff() should not be called statically, assuming $this from incompatible context E:\xampp\htdocs\wechou\wechou\Home\Controller\IndexController.class.php 第 21 行.
NOTIC: [8192] Non-static method Org\Util\Date::dateDiff() should not be called statically, assuming $this from incompatible context E:\xampp\htdocs\wechou\wechou\Home\Controller\IndexController.class.php 第 21 行.
NOTIC: [8192] Non-static method Org\Util\Date::dateDiff() should not be called statically, assuming $this from incompatible context E:\xampp\htdocs\wechou\wechou\Home\Controller\IndexController.class.php 第 22 行.
INFO: [ view_parse ] --START--
INFO: [ template_filter ] --START--
INFO: Run Behavior\ContentReplaceBehavior [ RunTime:0.018001s ]
INFO: [ template_filter ] --END-- [ RunTime:0.018001s ]
INFO: Run Behavior\ParseTemplateBehavior [ RunTime:0.078005s ]
INFO: [ view_parse ] --END-- [ RunTime:0.079005s ]
INFO: [ view_filter ] --START--
INFO: Run Behavior\WriteHtmlCacheBehavior [ RunTime:0.033002s ]
INFO: [ view_filter ] --END-- [ RunTime:0.033002s ]
INFO: [ app_end ] --START--
INFO: Run Behavior\ShowPageTraceBehavior [ RunTime:0.002000s ]
INFO: [ app_end ] --END-- [ RunTime:0.002000s ]

[ 2016-07-04T21:14:18+08:00 ] ::1 /img/img1.jpg
INFO: [ app_init ] --START--
INFO: Run Behavior\BuildLiteBehavior [ RunTime:0.000000s ]
INFO: [ app_init ] --END-- [ RunTime:0.001000s ]

[ 2016-07-04T21:14:18+08:00 ] ::1 /img/img10.jpg
INFO: [ app_init ] --START--
INFO: Run Behavior\BuildLiteBehavior [ RunTime:0.000000s ]
INFO: [ app_init ] --END-- [ RunTime:0.001001s ]

[ 2016-07-04T21:14:18+08:00 ] ::1 /img/img12.jpg
INFO: [ app_init ] --START--
INFO: Run Behavior\BuildLiteBehavior [ RunTime:0.000000s ]
INFO: [ app_init ] --END-- [ RunTime:0.002001s ]

[ 2016-07-04T21:14:18+08:00 ] ::1 /img/img11.jpg
INFO: [ app_init ] --START--
INFO: Run Behavior\BuildLiteBehavior [ RunTime:0.000000s ]
INFO: [ app_init ] --END-- [ RunTime:0.000000s ]

[ 2016-07-04T21:14:18+08:00 ] ::1 /img/img9.jpg
INFO: [ app_init ] --START--
INFO: Run Behavior\BuildLiteBehavior [ RunTime:0.000000s ]
INFO: [ app_init ] --END-- [ RunTime:0.001000s ]

[ 2016-07-04T21:14:18+08:00 ] ::1 /img/img8.jpg
INFO: [ app_init ] --START--
INFO: Run Behavior\BuildLiteBehavior [ RunTime:0.000000s ]
INFO: [ app_init ] --END-- [ RunTime:0.000000s ]

[ 2016-07-04T21:14:18+08:00 ] ::1 /img/img7.jpg
INFO: [ app_init ] --START--
INFO: Run Behavior\BuildLiteBehavior [ RunTime:0.000000s ]
INFO: [ app_init ] --END-- [ RunTime:0.001000s ]

[ 2016-07-04T21:14:18+08:00 ] ::1 /img/img5.jpg
INFO: [ app_init ] --START--
INFO: Run Behavior\BuildLiteBehavior [ RunTime:0.000000s ]
INFO: [ app_init ] --END-- [ RunTime:0.000000s ]

[ 2016-07-04T21:14:18+08:00 ] ::1 /img/img4.jpg
INFO: [ app_init ] --START--
INFO: Run Behavior\BuildLiteBehavior [ RunTime:0.000000s ]
INFO: [ app_init ] --END-- [ RunTime:0.001000s ]

[ 2016-07-04T21:14:18+08:00 ] ::1 /img/img6.jpg
INFO: [ app_init ] --START--
INFO: Run Behavior\BuildLiteBehavior [ RunTime:0.000000s ]
INFO: [ app_init ] --END-- [ RunTime:0.001000s ]

[ 2016-07-04T21:14:18+08:00 ] ::1 /img/img3.jpg
INFO: [ app_init ] --START--
INFO: Run Behavior\BuildLiteBehavior [ RunTime:0.000000s ]
INFO: [ app_init ] --END-- [ RunTime:0.000000s ]

[ 2016-07-04T21:14:18+08:00 ] ::1 /img/img2.jpg
INFO: [ app_init ] --START--
INFO: Run Behavior\BuildLiteBehavior [ RunTime:0.000000s ]
INFO: [ app_init ] --END-- [ RunTime:0.000000s ]

[ 2016-07-04T21:14:18+08:00 ] ::1 /img/user_avatar_704px_1195968_easyicon.net.png
INFO: [ app_init ] --START--
INFO: Run Behavior\BuildLiteBehavior [ RunTime:0.000000s ]
INFO: [ app_init ] --END-- [ RunTime:0.001000s ]

[ 2016-07-04T21:14:20+08:00 ] ::1 /favicon.ico
INFO: [ app_init ] --START--
INFO: Run Behavior\BuildLiteBehavior [ RunTime:0.000000s ]
INFO: [ app_init ] --END-- [ RunTime:0.001000s ]

[ 2016-07-04T21:20:32+08:00 ] 192.168.23.4 //
INFO: [ app_init ] --START--
INFO: Run Behavior\BuildLiteBehavior [ RunTime:0.000000s ]
INFO: [ app_init ] --END-- [ RunTime:0.000000s ]
INFO: [ app_begin ] --START--
INFO: Run Behavior\ReadHtmlCacheBehavior [ RunTime:0.001000s ]
INFO: [ app_begin ] --END-- [ RunTime:0.001000s ]
SQL: SHOW COLUMNS FROM `goods` [ RunTime:0.0450s ]
SQL: SELECT * FROM `goods` WHERE ( status != -1 )  [ RunTime:0.0020s ]
NOTIC: [8192] Non-static method Org\Util\Date::dateDiff() should not be called statically, assuming $this from incompatible context E:\xampp\htdocs\wechou\wechou\Home\Controller\IndexController.class.php 第 19 行.
NOTIC: [8192] Non-static method Org\Util\Date::dateDiff() should not be called statically, assuming $this from incompatible context E:\xampp\htdocs\wechou\wechou\Home\Controller\IndexController.class.php 第 21 行.
NOTIC: [8192] Non-static method Org\Util\Date::dateDiff() should not be called statically, assuming $this from incompatible context E:\xampp\htdocs\wechou\wechou\Home\Controller\IndexController.class.php 第 23 行.
NOTIC: [8192] Non-static method Org\Util\Date::dateDiff() should not be called statically, assuming $this from incompatible context E:\xampp\htdocs\wechou\wechou\Home\Controller\IndexController.class.php 第 24 行.
NOTIC: [8192] Non-static method Org\Util\Date::dateDiff() should not be called statically, assuming $this from incompatible context E:\xampp\htdocs\wechou\wechou\Home\Controller\IndexController.class.php 第 19 行.
NOTIC: [8192] Non-static method Org\Util\Date::dateDiff() should not be called statically, assuming $this from incompatible context E:\xampp\htdocs\wechou\wechou\Home\Controller\IndexController.class.php 第 21 行.
NOTIC: [8192] Non-static method Org\Util\Date::dateDiff() should not be called statically, assuming $this from incompatible context E:\xampp\htdocs\wechou\wechou\Home\Controller\IndexController.class.php 第 21 行.
NOTIC: [8192] Non-static method Org\Util\Date::dateDiff() should not be called statically, assuming $this from incompatible context E:\xampp\htdocs\wechou\wechou\Home\Controller\IndexController.class.php 第 22 行.
INFO: [ view_parse ] --START--
INFO: [ template_filter ] --START--
INFO: Run Behavior\ContentReplaceBehavior [ RunTime:0.000000s ]
INFO: [ template_filter ] --END-- [ RunTime:0.000000s ]
INFO: Run Behavior\ParseTemplateBehavior [ RunTime:0.018001s ]
INFO: [ view_parse ] --END-- [ RunTime:0.018001s ]
INFO: [ view_filter ] --START--
INFO: Run Behavior\WriteHtmlCacheBehavior [ RunTime:0.000000s ]
INFO: [ view_filter ] --END-- [ RunTime:0.000000s ]
INFO: [ app_end ] --START--
INFO: Run Behavior\ShowPageTraceBehavior [ RunTime:0.000000s ]
INFO: [ app_end ] --END-- [ RunTime:0.000000s ]

[ 2016-07-04T22:10:35+08:00 ] ::1 /
INFO: [ app_init ] --START--
INFO: Run Behavior\BuildLiteBehavior [ RunTime:0.000000s ]
INFO: [ app_init ] --END-- [ RunTime:0.017001s ]
INFO: [ app_begin ] --START--
INFO: Run Behavior\ReadHtmlCacheBehavior [ RunTime:0.003000s ]
INFO: [ app_begin ] --END-- [ RunTime:0.003000s ]
SQL: SHOW COLUMNS FROM `goods` [ RunTime:0.0460s ]
SQL: SELECT * FROM `goods` WHERE ( status != -1 )  [ RunTime:0.0020s ]
NOTIC: [8192] Non-static method Org\Util\Date::dateDiff() should not be called statically, assuming $this from incompatible context E:\xampp\htdocs\wechou\wechou\Home\Controller\IndexController.class.php 第 19 行.
NOTIC: [8192] Non-static method Org\Util\Date::dateDiff() should not be called statically, assuming $this from incompatible context E:\xampp\htdocs\wechou\wechou\Home\Controller\IndexController.class.php 第 21 行.
NOTIC: [8192] Non-static method Org\Util\Date::dateDiff() should not be called statically, assuming $this from incompatible context E:\xampp\htdocs\wechou\wechou\Home\Controller\IndexController.class.php 第 23 行.
NOTIC: [8192] Non-static method Org\Util\Date::dateDiff() should not be called statically, assuming $this from incompatible context E:\xampp\htdocs\wechou\wechou\Home\Controller\IndexController.class.php 第 24 行.
NOTIC: [8192] Non-static method Org\Util\Date::dateDiff() should not be called statically, assuming $this from incompatible context E:\xampp\htdocs\wechou\wechou\Home\Controller\IndexController.class.php 第 19 行.
NOTIC: [8192] Non-static method Org\Util\Date::dateDiff() should not be called statically, assuming $this from incompatible context E:\xampp\htdocs\wechou\wechou\Home\Controller\IndexController.class.php 第 21 行.
NOTIC: [8192] Non-static method Org\Util\Date::dateDiff() should not be called statically, assuming $this from incompatible context E:\xampp\htdocs\wechou\wechou\Home\Controller\IndexController.class.php 第 21 行.
NOTIC: [8192] Non-static method Org\Util\Date::dateDiff() should not be called statically, assuming $this from incompatible context E:\xampp\htdocs\wechou\wechou\Home\Controller\IndexController.class.php 第 22 行.
INFO: [ view_parse ] --START--
INFO: [ template_filter ] --START--
INFO: Run Behavior\ContentReplaceBehavior [ RunTime:0.001000s ]
INFO: [ template_filter ] --END-- [ RunTime:0.001000s ]
INFO: Run Behavior\ParseTemplateBehavior [ RunTime:0.102006s ]
INFO: [ view_parse ] --END-- [ RunTime:0.102006s ]
INFO: [ view_filter ] --START--
INFO: Run Behavior\WriteHtmlCacheBehavior [ RunTime:0.015001s ]
INFO: [ view_filter ] --END-- [ RunTime:0.015001s ]
INFO: [ app_end ] --START--
INFO: Run Behavior\ShowPageTraceBehavior [ RunTime:0.009000s ]
INFO: [ app_end ] --END-- [ RunTime:0.009000s ]

[ 2016-07-04T22:10:36+08:00 ] ::1 /img/img1.jpg
INFO: [ app_init ] --START--
INFO: Run Behavior\BuildLiteBehavior [ RunTime:0.000000s ]
INFO: [ app_init ] --END-- [ RunTime:0.000000s ]

[ 2016-07-04T22:10:36+08:00 ] ::1 /img/img12.jpg
INFO: [ app_init ] --START--
INFO: Run Behavior\BuildLiteBehavior [ RunTime:0.000000s ]
INFO: [ app_init ] --END-- [ RunTime:0.000000s ]

[ 2016-07-04T22:10:36+08:00 ] ::1 /img/img11.jpg
INFO: [ app_init ] --START--
INFO: Run Behavior\BuildLiteBehavior [ RunTime:0.000000s ]
INFO: [ app_init ] --END-- [ RunTime:0.000000s ]

[ 2016-07-04T22:10:36+08:00 ] ::1 /img/img10.jpg
INFO: [ app_init ] --START--
INFO: Run Behavior\BuildLiteBehavior [ RunTime:0.000000s ]
INFO: [ app_init ] --END-- [ RunTime:0.008001s ]

[ 2016-07-04T22:10:36+08:00 ] ::1 /img/img9.jpg
INFO: [ app_init ] --START--
INFO: Run Behavior\BuildLiteBehavior [ RunTime:0.000000s ]
INFO: [ app_init ] --END-- [ RunTime:0.001000s ]

[ 2016-07-04T22:10:36+08:00 ] ::1 /img/img8.jpg
INFO: [ app_init ] --START--
INFO: Run Behavior\BuildLiteBehavior [ RunTime:0.000000s ]
INFO: [ app_init ] --END-- [ RunTime:0.000000s ]

[ 2016-07-04T22:10:36+08:00 ] ::1 /img/img7.jpg
INFO: [ app_init ] --START--
INFO: Run Behavior\BuildLiteBehavior [ RunTime:0.000000s ]
INFO: [ app_init ] --END-- [ RunTime:0.000000s ]

[ 2016-07-04T22:10:36+08:00 ] ::1 /img/img4.jpg
INFO: [ app_init ] --START--
INFO: Run Behavior\BuildLiteBehavior [ RunTime:0.000000s ]
INFO: [ app_init ] --END-- [ RunTime:0.001000s ]

[ 2016-07-04T22:10:36+08:00 ] ::1 /img/img6.jpg
INFO: [ app_init ] --START--
INFO: Run Behavior\BuildLiteBehavior [ RunTime:0.000000s ]
INFO: [ app_init ] --END-- [ RunTime:0.000000s ]

[ 2016-07-04T22:10:36+08:00 ] ::1 /img/img3.jpg
INFO: [ app_init ] --START--
INFO: Run Behavior\BuildLiteBehavior [ RunTime:0.000000s ]
INFO: [ app_init ] --END-- [ RunTime:0.001000s ]

[ 2016-07-04T22:10:36+08:00 ] ::1 /img/img2.jpg
INFO: [ app_init ] --START--
INFO: Run Behavior\BuildLiteBehavior [ RunTime:0.000000s ]
INFO: [ app_init ] --END-- [ RunTime:0.001000s ]

[ 2016-07-04T22:10:36+08:00 ] ::1 /img/img5.jpg
INFO: [ app_init ] --START--
INFO: Run Behavior\BuildLiteBehavior [ RunTime:0.000000s ]
INFO: [ app_init ] --END-- [ RunTime:0.001000s ]

[ 2016-07-04T22:10:36+08:00 ] ::1 /img/user_avatar_704px_1195968_easyicon.net.png
INFO: [ app_init ] --START--
INFO: Run Behavior\BuildLiteBehavior [ RunTime:0.000000s ]
INFO: [ app_init ] --END-- [ RunTime:0.001000s ]

[ 2016-07-04T22:10:39+08:00 ] ::1 /content?goods_id=3
INFO: [ app_init ] --START--
INFO: Run Behavior\BuildLiteBehavior [ RunTime:0.000000s ]
INFO: [ app_init ] --END-- [ RunTime:0.000000s ]
INFO: [ app_begin ] --START--
INFO: Run Behavior\ReadHtmlCacheBehavior [ RunTime:0.002000s ]
INFO: [ app_begin ] --END-- [ RunTime:0.002000s ]
ERR: 无法加载控制器:Content

[ 2016-07-04T22:10:56+08:00 ] ::1 /
INFO: [ app_init ] --START--
INFO: Run Behavior\BuildLiteBehavior [ RunTime:0.000000s ]
INFO: [ app_init ] --END-- [ RunTime:0.001000s ]
INFO: [ app_begin ] --START--
INFO: Run Behavior\ReadHtmlCacheBehavior [ RunTime:0.003000s ]
INFO: [ app_begin ] --END-- [ RunTime:0.003000s ]
SQL: SHOW COLUMNS FROM `goods` [ RunTime:0.0050s ]
SQL: SELECT * FROM `goods` WHERE ( status != -1 )  [ RunTime:0.0010s ]
NOTIC: [8192] Non-static method Org\Util\Date::dateDiff() should not be called statically, assuming $this from incompatible context E:\xampp\htdocs\wechou\wechou\Home\Controller\IndexController.class.php 第 19 行.
NOTIC: [8192] Non-static method Org\Util\Date::dateDiff() should not be called statically, assuming $this from incompatible context E:\xampp\htdocs\wechou\wechou\Home\Controller\IndexController.class.php 第 21 行.
NOTIC: [8192] Non-static method Org\Util\Date::dateDiff() should not be called statically, assuming $this from incompatible context E:\xampp\htdocs\wechou\wechou\Home\Controller\IndexController.class.php 第 23 行.
NOTIC: [8192] Non-static method Org\Util\Date::dateDiff() should not be called statically, assuming $this from incompatible context E:\xampp\htdocs\wechou\wechou\Home\Controller\IndexController.class.php 第 24 行.
NOTIC: [8192] Non-static method Org\Util\Date::dateDiff() should not be called statically, assuming $this from incompatible context E:\xampp\htdocs\wechou\wechou\Home\Controller\IndexController.class.php 第 19 行.
NOTIC: [8192] Non-static method Org\Util\Date::dateDiff() should not be called statically, assuming $this from incompatible context E:\xampp\htdocs\wechou\wechou\Home\Controller\IndexController.class.php 第 21 行.
NOTIC: [8192] Non-static method Org\Util\Date::dateDiff() should not be called statically, assuming $this from incompatible context E:\xampp\htdocs\wechou\wechou\Home\Controller\IndexController.class.php 第 21 行.
NOTIC: [8192] Non-static method Org\Util\Date::dateDiff() should not be called statically, assuming $this from incompatible context E:\xampp\htdocs\wechou\wechou\Home\Controller\IndexController.class.php 第 22 行.
INFO: [ view_parse ] --START--
INFO: [ template_filter ] --START--
INFO: Run Behavior\ContentReplaceBehavior [ RunTime:0.000000s ]
INFO: [ template_filter ] --END-- [ RunTime:0.000000s ]
INFO: Run Behavior\ParseTemplateBehavior [ RunTime:0.012001s ]
INFO: [ view_parse ] --END-- [ RunTime:0.012001s ]
INFO: [ view_filter ] --START--
INFO: Run Behavior\WriteHtmlCacheBehavior [ RunTime:0.001000s ]
INFO: [ view_filter ] --END-- [ RunTime:0.001000s ]
INFO: [ app_end ] --START--
INFO: Run Behavior\ShowPageTraceBehavior [ RunTime:0.001000s ]
INFO: [ app_end ] --END-- [ RunTime:0.001000s ]

[ 2016-07-04T22:10:56+08:00 ] ::1 /img/img12.jpg
INFO: [ app_init ] --START--
INFO: Run Behavior\BuildLiteBehavior [ RunTime:0.000000s ]
INFO: [ app_init ] --END-- [ RunTime:0.000000s ]

[ 2016-07-04T22:10:56+08:00 ] ::1 /img/img1.jpg
INFO: [ app_init ] --START--
INFO: Run Behavior\BuildLiteBehavior [ RunTime:0.000000s ]
INFO: [ app_init ] --END-- [ RunTime:0.000000s ]

[ 2016-07-04T22:10:56+08:00 ] ::1 /img/img9.jpg
INFO: [ app_init ] --START--
INFO: Run Behavior\BuildLiteBehavior [ RunTime:0.000000s ]
INFO: [ app_init ] --END-- [ RunTime:0.001000s ]

[ 2016-07-04T22:10:56+08:00 ] ::1 /img/img11.jpg
INFO: [ app_init ] --START--
INFO: Run Behavior\BuildLiteBehavior [ RunTime:0.000000s ]
INFO: [ app_init ] --END-- [ RunTime:0.001000s ]

[ 2016-07-04T22:10:56+08:00 ] ::1 /img/img7.jpg
INFO: [ app_init ] --START--
INFO: Run Behavior\BuildLiteBehavior [ RunTime:0.000000s ]
INFO: [ app_init ] --END-- [ RunTime:0.001000s ]

[ 2016-07-04T22:10:56+08:00 ] ::1 /img/img10.jpg
INFO: [ app_init ] --START--
INFO: Run Behavior\BuildLiteBehavior [ RunTime:0.000000s ]
INFO: [ app_init ] --END-- [ RunTime:0.001000s ]

[ 2016-07-04T22:10:56+08:00 ] ::1 /img/img6.jpg
INFO: [ app_init ] --START--
INFO: Run Behavior\BuildLiteBehavior [ RunTime:0.000000s ]
INFO: [ app_init ] --END-- [ RunTime:0.000000s ]

[ 2016-07-04T22:10:56+08:00 ] ::1 /img/img8.jpg
INFO: [ app_init ] --START--
INFO: Run Behavior\BuildLiteBehavior [ RunTime:0.000000s ]
INFO: [ app_init ] --END-- [ RunTime:0.023002s ]

[ 2016-07-04T22:10:56+08:00 ] ::1 /img/img3.jpg
INFO: [ app_init ] --START--
INFO: Run Behavior\BuildLiteBehavior [ RunTime:0.000000s ]
INFO: [ app_init ] --END-- [ RunTime:0.006000s ]

[ 2016-07-04T22:10:56+08:00 ] ::1 /img/img4.jpg
INFO: [ app_init ] --START--
INFO: Run Behavior\BuildLiteBehavior [ RunTime:0.000000s ]
INFO: [ app_init ] --END-- [ RunTime:0.006000s ]

[ 2016-07-04T22:10:56+08:00 ] ::1 /img/img5.jpg
INFO: [ app_init ] --START--
INFO: Run Behavior\BuildLiteBehavior [ RunTime:0.000000s ]
INFO: [ app_init ] --END-- [ RunTime:0.003000s ]

[ 2016-07-04T22:10:56+08:00 ] ::1 /img/img2.jpg
INFO: [ app_init ] --START--
INFO: Run Behavior\BuildLiteBehavior [ RunTime:0.001000s ]
INFO: [ app_init ] --END-- [ RunTime:0.004000s ]

[ 2016-07-04T22:10:56+08:00 ] ::1 /img/user_avatar_704px_1195968_easyicon.net.png
INFO: [ app_init ] --START--
INFO: Run Behavior\BuildLiteBehavior [ RunTime:0.000000s ]
INFO: [ app_init ] --END-- [ RunTime:0.001000s ]

[ 2016-07-04T22:10:58+08:00 ] ::1 /Index/content?goods_id=3
INFO: [ app_init ] --START--
INFO: Run Behavior\BuildLiteBehavior [ RunTime:0.000000s ]
INFO: [ app_init ] --END-- [ RunTime:0.000000s ]
INFO: [ app_begin ] --START--
INFO: Run Behavior\ReadHtmlCacheBehavior [ RunTime:0.002000s ]
INFO: [ app_begin ] --END-- [ RunTime:0.002000s ]
ERR: 1146:Table 'wechou.goods_id' doesn't exist
 [ SQL语句 ] : SHOW COLUMNS FROM `goods_id`
ERR: 1146:Table 'wechou.goods_id' doesn't exist
 [ SQL语句 ] : SHOW COLUMNS FROM `goods_id`

[ 2016-07-04T22:11:24+08:00 ] ::1 /Index/content?goods_id=3
INFO: [ app_init ] --START--
INFO: Run Behavior\BuildLiteBehavior [ RunTime:0.000000s ]
INFO: [ app_init ] --END-- [ RunTime:0.001000s ]
INFO: [ app_begin ] --START--
INFO: Run Behavior\ReadHtmlCacheBehavior [ RunTime:0.001000s ]
INFO: [ app_begin ] --END-- [ RunTime:0.002000s ]
SQL: SHOW COLUMNS FROM `goods` [ RunTime:0.0040s ]
SQL: SHOW COLUMNS FROM `spec` [ RunTime:0.0030s ]
SQL: SELECT * FROM `goods` WHERE ( goods.gid=3 && status=2  ) LIMIT 1   [ RunTime:0.0000s ]
SQL: SELECT * FROM `spec` WHERE ( gid=3 )  [ RunTime:0.0000s ]
INFO: [ view_parse ] --START--
INFO: [ template_filter ] --START--
INFO: Run Behavior\ContentReplaceBehavior [ RunTime:0.000000s ]
INFO: [ template_filter ] --END-- [ RunTime:0.000000s ]
INFO: Run Behavior\ParseTemplateBehavior [ RunTime:0.029002s ]
INFO: [ view_parse ] --END-- [ RunTime:0.030002s ]
INFO: [ view_filter ] --START--
INFO: Run Behavior\WriteHtmlCacheBehavior [ RunTime:0.001000s ]
INFO: [ view_filter ] --END-- [ RunTime:0.001000s ]
INFO: [ app_end ] --START--
INFO: Run Behavior\ShowPageTraceBehavior [ RunTime:0.001000s ]
INFO: [ app_end ] --END-- [ RunTime:0.001000s ]

[ 2016-07-04T22:12:08+08:00 ] ::1 /Index/content?goods_id=3
INFO: [ app_init ] --START--
INFO: Run Behavior\BuildLiteBehavior [ RunTime:0.000000s ]
INFO: [ app_init ] --END-- [ RunTime:0.000000s ]
INFO: [ app_begin ] --START--
INFO: Run Behavior\ReadHtmlCacheBehavior [ RunTime:0.002000s ]
INFO: [ app_begin ] --END-- [ RunTime:0.002000s ]
SQL: SHOW COLUMNS FROM `goods` [ RunTime:0.0700s ]
SQL: SHOW COLUMNS FROM `spec` [ RunTime:0.0050s ]
SQL: SELECT * FROM `goods` WHERE ( goods.gid=3 && status=2  ) LIMIT 1   [ RunTime:0.0010s ]
SQL: SELECT * FROM `spec` WHERE ( gid=3 )  [ RunTime:0.0000s ]
INFO: [ view_parse ] --START--
INFO: [ template_filter ] --START--
INFO: Run Behavior\ContentReplaceBehavior [ RunTime:0.000000s ]
INFO: [ template_filter ] --END-- [ RunTime:0.000000s ]
INFO: Run Behavior\ParseTemplateBehavior [ RunTime:0.013001s ]
INFO: [ view_parse ] --END-- [ RunTime:0.013001s ]
INFO: [ view_filter ] --START--
INFO: Run Behavior\WriteHtmlCacheBehavior [ RunTime:0.001000s ]
INFO: [ view_filter ] --END-- [ RunTime:0.001000s ]
INFO: [ app_end ] --START--
INFO: Run Behavior\ShowPageTraceBehavior [ RunTime:0.003000s ]
INFO: [ app_end ] --END-- [ RunTime:0.004000s ]

[ 2016-07-04T22:12:35+08:00 ] ::1 /Index/content?goods_id=3
INFO: [ app_init ] --START--
INFO: Run Behavior\BuildLiteBehavior [ RunTime:0.000000s ]
INFO: [ app_init ] --END-- [ RunTime:0.000000s ]
INFO: [ app_begin ] --START--
INFO: Run Behavior\ReadHtmlCacheBehavior [ RunTime:0.002000s ]
INFO: [ app_begin ] --END-- [ RunTime:0.002000s ]
SQL: SHOW COLUMNS FROM `goods` [ RunTime:0.0040s ]
SQL: SHOW COLUMNS FROM `spec` [ RunTime:0.0070s ]
SQL: SELECT * FROM `goods` WHERE ( goods.gid=3 && status=2  ) LIMIT 1   [ RunTime:0.0010s ]
SQL: SELECT * FROM `spec` WHERE ( gid=3 )  [ RunTime:0.0000s ]
INFO: [ view_parse ] --START--
INFO: [ template_filter ] --START--
INFO: Run Behavior\ContentReplaceBehavior [ RunTime:0.000000s ]
INFO: [ template_filter ] --END-- [ RunTime:0.000000s ]
INFO: Run Behavior\ParseTemplateBehavior [ RunTime:0.013000s ]
INFO: [ view_parse ] --END-- [ RunTime:0.013000s ]
INFO: [ view_filter ] --START--
INFO: Run Behavior\WriteHtmlCacheBehavior [ RunTime:0.001001s ]
INFO: [ view_filter ] --END-- [ RunTime:0.001001s ]
INFO: [ app_end ] --START--
INFO: Run Behavior\ShowPageTraceBehavior [ RunTime:0.001000s ]
INFO: [ app_end ] --END-- [ RunTime:0.001000s ]

[ 2016-07-04T22:14:26+08:00 ] ::1 /Index/content?goods_id=3
INFO: [ app_init ] --START--
INFO: Run Behavior\BuildLiteBehavior [ RunTime:0.000000s ]
INFO: [ app_init ] --END-- [ RunTime:0.001000s ]
INFO: [ app_begin ] --START--
INFO: Run Behavior\ReadHtmlCacheBehavior [ RunTime:0.001001s ]
INFO: [ app_begin ] --END-- [ RunTime:0.001001s ]
SQL: SHOW COLUMNS FROM `goods` [ RunTime:0.0050s ]
SQL: SHOW COLUMNS FROM `spec` [ RunTime:0.0040s ]
SQL: SELECT * FROM `goods` WHERE ( goods.gid=3 && status=2  ) LIMIT 1   [ RunTime:0.0010s ]
SQL: SELECT * FROM `spec` WHERE ( gid=3 )  [ RunTime:0.0010s ]
INFO: [ view_parse ] --START--
INFO: [ template_filter ] --START--
INFO: Run Behavior\ContentReplaceBehavior [ RunTime:0.000000s ]
INFO: [ template_filter ] --END-- [ RunTime:0.000000s ]
INFO: Run Behavior\ParseTemplateBehavior [ RunTime:0.014001s ]
INFO: [ view_parse ] --END-- [ RunTime:0.014001s ]
INFO: [ view_filter ] --START--
INFO: Run Behavior\WriteHtmlCacheBehavior [ RunTime:0.001000s ]
INFO: [ view_filter ] --END-- [ RunTime:0.001000s ]
INFO: [ app_end ] --START--
INFO: Run Behavior\ShowPageTraceBehavior [ RunTime:0.001000s ]
INFO: [ app_end ] --END-- [ RunTime:0.001000s ]

[ 2016-07-04T22:14:28+08:00 ] ::1 /Index/content?goods_id=3
INFO: [ app_init ] --START--
INFO: Run Behavior\BuildLiteBehavior [ RunTime:0.000000s ]
INFO: [ app_init ] --END-- [ RunTime:0.000000s ]
INFO: [ app_begin ] --START--
INFO: Run Behavior\ReadHtmlCacheBehavior [ RunTime:0.001000s ]
INFO: [ app_begin ] --END-- [ RunTime:0.001000s ]
SQL: SHOW COLUMNS FROM `goods` [ RunTime:0.0050s ]
SQL: SHOW COLUMNS FROM `spec` [ RunTime:0.0070s ]
SQL: SELECT * FROM `goods` WHERE ( goods.gid=3 && status=2  ) LIMIT 1   [ RunTime:0.0020s ]
SQL: SELECT * FROM `spec` WHERE ( gid=3 )  [ RunTime:0.0000s ]
INFO: [ view_parse ] --START--
INFO: [ template_filter ] --START--
INFO: Run Behavior\ContentReplaceBehavior [ RunTime:0.000000s ]
INFO: [ template_filter ] --END-- [ RunTime:0.000000s ]
INFO: Run Behavior\ParseTemplateBehavior [ RunTime:0.012000s ]
INFO: [ view_parse ] --END-- [ RunTime:0.012000s ]
INFO: [ view_filter ] --START--
INFO: Run Behavior\WriteHtmlCacheBehavior [ RunTime:0.000000s ]
INFO: [ view_filter ] --END-- [ RunTime:0.002001s ]
INFO: [ app_end ] --START--
INFO: Run Behavior\ShowPageTraceBehavior [ RunTime:0.001000s ]
INFO: [ app_end ] --END-- [ RunTime:0.001000s ]

[ 2016-07-04T22:14:29+08:00 ] ::1 /Index/content?goods_id=3
INFO: [ app_init ] --START--
INFO: Run Behavior\BuildLiteBehavior [ RunTime:0.000000s ]
INFO: [ app_init ] --END-- [ RunTime:0.000000s ]
INFO: [ app_begin ] --START--
INFO: Run Behavior\ReadHtmlCacheBehavior [ RunTime:0.001000s ]
INFO: [ app_begin ] --END-- [ RunTime:0.001000s ]
SQL: SHOW COLUMNS FROM `goods` [ RunTime:0.0050s ]
SQL: SHOW COLUMNS FROM `spec` [ RunTime:0.0080s ]
SQL: SELECT * FROM `goods` WHERE ( goods.gid=3 && status=2  ) LIMIT 1   [ RunTime:0.0010s ]
SQL: SELECT * FROM `spec` WHERE ( gid=3 )  [ RunTime:0.0010s ]
INFO: [ view_parse ] --START--
INFO: [ template_filter ] --START--
INFO: Run Behavior\ContentReplaceBehavior [ RunTime:0.000000s ]
INFO: [ template_filter ] --END-- [ RunTime:0.000000s ]
INFO: Run Behavior\ParseTemplateBehavior [ RunTime:0.012001s ]
INFO: [ view_parse ] --END-- [ RunTime:0.012001s ]
INFO: [ view_filter ] --START--
INFO: Run Behavior\WriteHtmlCacheBehavior [ RunTime:0.001000s ]
INFO: [ view_filter ] --END-- [ RunTime:0.001000s ]
INFO: [ app_end ] --START--
INFO: Run Behavior\ShowPageTraceBehavior [ RunTime:0.001000s ]
INFO: [ app_end ] --END-- [ RunTime:0.001000s ]

[ 2016-07-04T22:14:29+08:00 ] ::1 /Index/content?goods_id=3
INFO: [ app_init ] --START--
INFO: Run Behavior\BuildLiteBehavior [ RunTime:0.000000s ]
INFO: [ app_init ] --END-- [ RunTime:0.000000s ]
INFO: [ app_begin ] --START--
INFO: Run Behavior\ReadHtmlCacheBehavior [ RunTime:0.002000s ]
INFO: [ app_begin ] --END-- [ RunTime:0.002000s ]
SQL: SHOW COLUMNS FROM `goods` [ RunTime:0.0070s ]
SQL: SHOW COLUMNS FROM `spec` [ RunTime:0.0080s ]
SQL: SELECT * FROM `goods` WHERE ( goods.gid=3 && status=2  ) LIMIT 1   [ RunTime:0.0010s ]
SQL: SELECT * FROM `spec` WHERE ( gid=3 )  [ RunTime:0.0010s ]
INFO: [ view_parse ] --START--
INFO: [ template_filter ] --START--
INFO: Run Behavior\ContentReplaceBehavior [ RunTime:0.000000s ]
INFO: [ template_filter ] --END-- [ RunTime:0.000000s ]
INFO: Run Behavior\ParseTemplateBehavior [ RunTime:0.018001s ]
INFO: [ view_parse ] --END-- [ RunTime:0.018001s ]
INFO: [ view_filter ] --START--
INFO: Run Behavior\WriteHtmlCacheBehavior [ RunTime:0.001000s ]
INFO: [ view_filter ] --END-- [ RunTime:0.001000s ]
INFO: [ app_end ] --START--
INFO: Run Behavior\ShowPageTraceBehavior [ RunTime:0.002000s ]
INFO: [ app_end ] --END-- [ RunTime:0.005001s ]

[ 2016-07-04T22:14:30+08:00 ] ::1 /Index/content?goods_id=3
INFO: [ app_init ] --START--
INFO: Run Behavior\BuildLiteBehavior [ RunTime:0.000000s ]
INFO: [ app_init ] --END-- [ RunTime:0.001000s ]
INFO: [ app_begin ] --START--
INFO: Run Behavior\ReadHtmlCacheBehavior [ RunTime:0.001001s ]
INFO: [ app_begin ] --END-- [ RunTime:0.001001s ]
SQL: SHOW COLUMNS FROM `goods` [ RunTime:0.0060s ]
SQL: SHOW COLUMNS FROM `spec` [ RunTime:0.0070s ]
SQL: SELECT * FROM `goods` WHERE ( goods.gid=3 && status=2  ) LIMIT 1   [ RunTime:0.0010s ]
SQL: SELECT * FROM `spec` WHERE ( gid=3 )  [ RunTime:0.0010s ]
INFO: [ view_parse ] --START--
INFO: [ template_filter ] --START--
INFO: Run Behavior\ContentReplaceBehavior [ RunTime:0.000000s ]
INFO: [ template_filter ] --END-- [ RunTime:0.001000s ]
INFO: Run Behavior\ParseTemplateBehavior [ RunTime:0.018001s ]
INFO: [ view_parse ] --END-- [ RunTime:0.018001s ]
INFO: [ view_filter ] --START--
INFO: Run Behavior\WriteHtmlCacheBehavior [ RunTime:0.002000s ]
INFO: [ view_filter ] --END-- [ RunTime:0.002000s ]
INFO: [ app_end ] --START--
INFO: Run Behavior\ShowPageTraceBehavior [ RunTime:0.001000s ]
INFO: [ app_end ] --END-- [ RunTime:0.003000s ]

[ 2016-07-04T22:15:16+08:00 ] ::1 /Index/content?goods_id=3
INFO: [ app_init ] --START--
INFO: Run Behavior\BuildLiteBehavior [ RunTime:0.000000s ]
INFO: [ app_init ] --END-- [ RunTime:0.000000s ]
INFO: [ app_begin ] --START--
INFO: Run Behavior\ReadHtmlCacheBehavior [ RunTime:0.001000s ]
INFO: [ app_begin ] --END-- [ RunTime:0.001000s ]
SQL: SHOW COLUMNS FROM `goods` [ RunTime:0.0050s ]
SQL: SHOW COLUMNS FROM `spec` [ RunTime:0.0050s ]
SQL: SELECT * FROM `goods` WHERE ( goods.gid=3 && status=2  ) LIMIT 1   [ RunTime:0.0010s ]
SQL: SELECT * FROM `spec` WHERE ( gid=3 )  [ RunTime:0.0010s ]
INFO: [ view_parse ] --START--
INFO: [ template_filter ] --START--
INFO: Run Behavior\ContentReplaceBehavior [ RunTime:0.001000s ]
INFO: [ template_filter ] --END-- [ RunTime:0.001000s ]
INFO: Run Behavior\ParseTemplateBehavior [ RunTime:0.010000s ]
INFO: [ view_parse ] --END-- [ RunTime:0.010000s ]
INFO: [ view_filter ] --START--
INFO: Run Behavior\WriteHtmlCacheBehavior [ RunTime:0.001000s ]
INFO: [ view_filter ] --END-- [ RunTime:0.001000s ]
INFO: [ app_end ] --START--
INFO: Run Behavior\ShowPageTraceBehavior [ RunTime:0.001001s ]
INFO: [ app_end ] --END-- [ RunTime:0.001001s ]

[ 2016-07-04T22:17:53+08:00 ] 192.168.23.8 /
INFO: [ app_init ] --START--
INFO: Run Behavior\BuildLiteBehavior [ RunTime:0.000000s ]
INFO: [ app_init ] --END-- [ RunTime:0.188010s ]
INFO: [ app_begin ] --START--
INFO: Run Behavior\ReadHtmlCacheBehavior [ RunTime:0.010000s ]
INFO: [ app_begin ] --END-- [ RunTime:0.010000s ]
SQL: SHOW COLUMNS FROM `goods` [ RunTime:0.7400s ]
SQL: SELECT * FROM `goods` WHERE ( status != -1 )  [ RunTime:0.0650s ]
NOTIC: [8192] Non-static method Org\Util\Date::dateDiff() should not be called statically, assuming $this from incompatible context E:\xampp\htdocs\wechou\wechou\Home\Controller\IndexController.class.php 第 19 行.
NOTIC: [8192] Non-static method Org\Util\Date::dateDiff() should not be called statically, assuming $this from incompatible context E:\xampp\htdocs\wechou\wechou\Home\Controller\IndexController.class.php 第 21 行.
NOTIC: [8192] Non-static method Org\Util\Date::dateDiff() should not be called statically, assuming $this from incompatible context E:\xampp\htdocs\wechou\wechou\Home\Controller\IndexController.class.php 第 23 行.
NOTIC: [8192] Non-static method Org\Util\Date::dateDiff() should not be called statically, assuming $this from incompatible context E:\xampp\htdocs\wechou\wechou\Home\Controller\IndexController.class.php 第 24 行.
NOTIC: [8192] Non-static method Org\Util\Date::dateDiff() should not be called statically, assuming $this from incompatible context E:\xampp\htdocs\wechou\wechou\Home\Controller\IndexController.class.php 第 19 行.
NOTIC: [8192] Non-static method Org\Util\Date::dateDiff() should not be called statically, assuming $this from incompatible context E:\xampp\htdocs\wechou\wechou\Home\Controller\IndexController.class.php 第 21 行.
NOTIC: [8192] Non-static method Org\Util\Date::dateDiff() should not be called statically, assuming $this from incompatible context E:\xampp\htdocs\wechou\wechou\Home\Controller\IndexController.class.php 第 21 行.
NOTIC: [8192] Non-static method Org\Util\Date::dateDiff() should not be called statically, assuming $this from incompatible context E:\xampp\htdocs\wechou\wechou\Home\Controller\IndexController.class.php 第 22 行.
INFO: [ view_parse ] --START--
INFO: [ template_filter ] --START--
INFO: Run Behavior\ContentReplaceBehavior [ RunTime:0.006001s ]
INFO: [ template_filter ] --END-- [ RunTime:0.006001s ]
INFO: Run Behavior\ParseTemplateBehavior [ RunTime:0.080005s ]
INFO: [ view_parse ] --END-- [ RunTime:0.080005s ]
INFO: [ view_filter ] --START--
INFO: Run Behavior\WriteHtmlCacheBehavior [ RunTime:0.010000s ]
INFO: [ view_filter ] --END-- [ RunTime:0.010000s ]
INFO: [ app_end ] --START--
INFO: Run Behavior\ShowPageTraceBehavior [ RunTime:0.009001s ]
INFO: [ app_end ] --END-- [ RunTime:0.009001s ]

[ 2016-07-04T22:18:40+08:00 ] ::1 /Index/content?goods_id=3
INFO: [ app_init ] --START--
INFO: Run Behavior\BuildLiteBehavior [ RunTime:0.000000s ]
INFO: [ app_init ] --END-- [ RunTime:0.000000s ]
INFO: [ app_begin ] --START--
INFO: Run Behavior\ReadHtmlCacheBehavior [ RunTime:0.001000s ]
INFO: [ app_begin ] --END-- [ RunTime:0.001000s ]
SQL: SHOW COLUMNS FROM `goods` [ RunTime:0.0070s ]
SQL: SHOW COLUMNS FROM `spec` [ RunTime:0.0070s ]
SQL: SELECT * FROM `goods` WHERE ( goods.gid=3 && status=2  ) LIMIT 1   [ RunTime:0.0440s ]
SQL: SELECT * FROM `spec` WHERE ( gid=3 )  [ RunTime:0.0000s ]
INFO: [ view_parse ] --START--
INFO: [ template_filter ] --START--
INFO: Run Behavior\ContentReplaceBehavior [ RunTime:0.000000s ]
INFO: [ template_filter ] --END-- [ RunTime:0.000000s ]
INFO: Run Behavior\ParseTemplateBehavior [ RunTime:0.015001s ]
INFO: [ view_parse ] --END-- [ RunTime:0.015001s ]
INFO: [ view_filter ] --START--
INFO: Run Behavior\WriteHtmlCacheBehavior [ RunTime:0.001000s ]
INFO: [ view_filter ] --END-- [ RunTime:0.001000s ]
INFO: [ app_end ] --START--
INFO: Run Behavior\ShowPageTraceBehavior [ RunTime:0.001000s ]
INFO: [ app_end ] --END-- [ RunTime:0.001000s ]

[ 2016-07-04T22:20:33+08:00 ] 192.168.23.4 //
INFO: [ app_init ] --START--
INFO: Run Behavior\BuildLiteBehavior [ RunTime:0.000000s ]
INFO: [ app_init ] --END-- [ RunTime:0.001000s ]
INFO: [ app_begin ] --START--
INFO: Run Behavior\ReadHtmlCacheBehavior [ RunTime:0.001000s ]
INFO: [ app_begin ] --END-- [ RunTime:0.002000s ]
SQL: SHOW COLUMNS FROM `goods` [ RunTime:0.0090s ]
SQL: SELECT * FROM `goods` WHERE ( status != -1 )  [ RunTime:0.0030s ]
NOTIC: [8192] Non-static method Org\Util\Date::dateDiff() should not be called statically, assuming $this from incompatible context E:\xampp\htdocs\wechou\wechou\Home\Controller\IndexController.class.php 第 19 行.
NOTIC: [8192] Non-static method Org\Util\Date::dateDiff() should not be called statically, assuming $this from incompatible context E:\xampp\htdocs\wechou\wechou\Home\Controller\IndexController.class.php 第 21 行.
NOTIC: [8192] Non-static method Org\Util\Date::dateDiff() should not be called statically, assuming $this from incompatible context E:\xampp\htdocs\wechou\wechou\Home\Controller\IndexController.class.php 第 23 行.
NOTIC: [8192] Non-static method Org\Util\Date::dateDiff() should not be called statically, assuming $this from incompatible context E:\xampp\htdocs\wechou\wechou\Home\Controller\IndexController.class.php 第 24 行.
NOTIC: [8192] Non-static method Org\Util\Date::dateDiff() should not be called statically, assuming $this from incompatible context E:\xampp\htdocs\wechou\wechou\Home\Controller\IndexController.class.php 第 19 行.
NOTIC: [8192] Non-static method Org\Util\Date::dateDiff() should not be called statically, assuming $this from incompatible context E:\xampp\htdocs\wechou\wechou\Home\Controller\IndexController.class.php 第 21 行.
NOTIC: [8192] Non-static method Org\Util\Date::dateDiff() should not be called statically, assuming $this from incompatible context E:\xampp\htdocs\wechou\wechou\Home\Controller\IndexController.class.php 第 21 行.
NOTIC: [8192] Non-static method Org\Util\Date::dateDiff() should not be called statically, assuming $this from incompatible context E:\xampp\htdocs\wechou\wechou\Home\Controller\IndexController.class.php 第 22 行.
INFO: [ view_parse ] --START--
INFO: [ template_filter ] --START--
INFO: Run Behavior\ContentReplaceBehavior [ RunTime:0.000000s ]
INFO: [ template_filter ] --END-- [ RunTime:0.000000s ]
INFO: Run Behavior\ParseTemplateBehavior [ RunTime:0.038002s ]
INFO: [ view_parse ] --END-- [ RunTime:0.038002s ]
INFO: [ view_filter ] --START--
INFO: Run Behavior\WriteHtmlCacheBehavior [ RunTime:0.001000s ]
INFO: [ view_filter ] --END-- [ RunTime:0.001000s ]
INFO: [ app_end ] --START--
INFO: Run Behavior\ShowPageTraceBehavior [ RunTime:0.001000s ]
INFO: [ app_end ] --END-- [ RunTime:0.001000s ]

[ 2016-07-04T22:23:49+08:00 ] ::1 /Index/content?goods_id=3
INFO: [ app_init ] --START--
INFO: Run Behavior\BuildLiteBehavior [ RunTime:0.000000s ]
INFO: [ app_init ] --END-- [ RunTime:0.001000s ]
INFO: [ app_begin ] --START--
INFO: Run Behavior\ReadHtmlCacheBehavior [ RunTime:0.002000s ]
INFO: [ app_begin ] --END-- [ RunTime:0.002000s ]
SQL: SHOW COLUMNS FROM `goods` [ RunTime:0.0040s ]
SQL: SHOW COLUMNS FROM `spec` [ RunTime:0.0050s ]
SQL: SELECT * FROM `goods` WHERE ( goods.gid=3 && status=2  ) LIMIT 1   [ RunTime:0.0010s ]
SQL: SELECT * FROM `spec` WHERE ( gid=3 ) ORDER BY money asc  [ RunTime:0.0930s ]
INFO: [ view_parse ] --START--
INFO: [ template_filter ] --START--
INFO: Run Behavior\ContentReplaceBehavior [ RunTime:0.000000s ]
INFO: [ template_filter ] --END-- [ RunTime:0.000000s ]
INFO: Run Behavior\ParseTemplateBehavior [ RunTime:0.035002s ]
INFO: [ view_parse ] --END-- [ RunTime:0.035002s ]
INFO: [ view_filter ] --START--
INFO: Run Behavior\WriteHtmlCacheBehavior [ RunTime:0.001000s ]
INFO: [ view_filter ] --END-- [ RunTime:0.001000s ]
INFO: [ app_end ] --START--
INFO: Run Behavior\ShowPageTraceBehavior [ RunTime:0.002000s ]
INFO: [ app_end ] --END-- [ RunTime:0.002000s ]

[ 2016-07-04T22:24:08+08:00 ] ::1 /Index/check.html
INFO: [ app_init ] --START--
INFO: Run Behavior\BuildLiteBehavior [ RunTime:0.000000s ]
INFO: [ app_init ] --END-- [ RunTime:0.001000s ]
INFO: [ app_begin ] --START--
INFO: Run Behavior\ReadHtmlCacheBehavior [ RunTime:0.001000s ]
INFO: [ app_begin ] --END-- [ RunTime:0.002000s ]
ERR: 非法操作:check

[ 2016-07-04T22:27:17+08:00 ] ::1 /Index/content?goods_id=4
INFO: [ app_init ] --START--
INFO: Run Behavior\BuildLiteBehavior [ RunTime:0.000000s ]
INFO: [ app_init ] --END-- [ RunTime:0.000000s ]
INFO: [ app_begin ] --START--
INFO: Run Behavior\ReadHtmlCacheBehavior [ RunTime:0.001000s ]
INFO: [ app_begin ] --END-- [ RunTime:0.001000s ]
SQL: SHOW COLUMNS FROM `goods` [ RunTime:0.0120s ]
SQL: SHOW COLUMNS FROM `spec` [ RunTime:0.0040s ]
SQL: SELECT * FROM `goods` WHERE ( goods.gid=4 && status=2  ) LIMIT 1   [ RunTime:0.0030s ]

[ 2016-07-04T22:27:17+08:00 ] ::1 /
INFO: [ app_init ] --START--
INFO: Run Behavior\BuildLiteBehavior [ RunTime:0.000000s ]
INFO: [ app_init ] --END-- [ RunTime:0.001000s ]
INFO: [ app_begin ] --START--
INFO: Run Behavior\ReadHtmlCacheBehavior [ RunTime:0.001000s ]
INFO: [ app_begin ] --END-- [ RunTime:0.001000s ]
SQL: SHOW COLUMNS FROM `goods` [ RunTime:0.0050s ]
SQL: SELECT * FROM `goods` WHERE ( status != -1 )  [ RunTime:0.0030s ]
NOTIC: [8192] Non-static method Org\Util\Date::dateDiff() should not be called statically, assuming $this from incompatible context E:\xampp\htdocs\wechou\wechou\Home\Controller\IndexController.class.php 第 19 行.
NOTIC: [8192] Non-static method Org\Util\Date::dateDiff() should not be called statically, assuming $this from incompatible context E:\xampp\htdocs\wechou\wechou\Home\Controller\IndexController.class.php 第 21 行.
NOTIC: [8192] Non-static method Org\Util\Date::dateDiff() should not be called statically, assuming $this from incompatible context E:\xampp\htdocs\wechou\wechou\Home\Controller\IndexController.class.php 第 23 行.
NOTIC: [8192] Non-static method Org\Util\Date::dateDiff() should not be called statically, assuming $this from incompatible context E:\xampp\htdocs\wechou\wechou\Home\Controller\IndexController.class.php 第 24 行.
NOTIC: [8192] Non-static method Org\Util\Date::dateDiff() should not be called statically, assuming $this from incompatible context E:\xampp\htdocs\wechou\wechou\Home\Controller\IndexController.class.php 第 19 行.
NOTIC: [8192] Non-static method Org\Util\Date::dateDiff() should not be called statically, assuming $this from incompatible context E:\xampp\htdocs\wechou\wechou\Home\Controller\IndexController.class.php 第 21 行.
NOTIC: [8192] Non-static method Org\Util\Date::dateDiff() should not be called statically, assuming $this from incompatible context E:\xampp\htdocs\wechou\wechou\Home\Controller\IndexController.class.php 第 21 行.
NOTIC: [8192] Non-static method Org\Util\Date::dateDiff() should not be called statically, assuming $this from incompatible context E:\xampp\htdocs\wechou\wechou\Home\Controller\IndexController.class.php 第 22 行.
INFO: [ view_parse ] --START--
INFO: [ template_filter ] --START--
INFO: Run Behavior\ContentReplaceBehavior [ RunTime:0.000000s ]
INFO: [ template_filter ] --END-- [ RunTime:0.000000s ]
INFO: Run Behavior\ParseTemplateBehavior [ RunTime:0.011000s ]
INFO: [ view_parse ] --END-- [ RunTime:0.011000s ]
INFO: [ view_filter ] --START--
INFO: Run Behavior\WriteHtmlCacheBehavior [ RunTime:0.001000s ]
INFO: [ view_filter ] --END-- [ RunTime:0.001000s ]
INFO: [ app_end ] --START--
INFO: Run Behavior\ShowPageTraceBehavior [ RunTime:0.001000s ]
INFO: [ app_end ] --END-- [ RunTime:0.001000s ]

[ 2016-07-04T22:27:17+08:00 ] ::1 /img/img1.jpg
INFO: [ app_init ] --START--
INFO: Run Behavior\BuildLiteBehavior [ RunTime:0.000000s ]
INFO: [ app_init ] --END-- [ RunTime:0.000000s ]

[ 2016-07-04T22:27:17+08:00 ] ::1 /img/img11.jpg
INFO: [ app_init ] --START--
INFO: Run Behavior\BuildLiteBehavior [ RunTime:0.000000s ]
INFO: [ app_init ] --END-- [ RunTime:0.001000s ]

[ 2016-07-04T22:27:17+08:00 ] ::1 /img/img7.jpg
INFO: [ app_init ] --START--
INFO: Run Behavior\BuildLiteBehavior [ RunTime:0.001000s ]
INFO: [ app_init ] --END-- [ RunTime:0.001000s ]

[ 2016-07-04T22:27:17+08:00 ] ::1 /img/img8.jpg
INFO: [ app_init ] --START--
INFO: Run Behavior\BuildLiteBehavior [ RunTime:0.001000s ]
INFO: [ app_init ] --END-- [ RunTime:0.001000s ]

[ 2016-07-04T22:27:17+08:00 ] ::1 /img/img5.jpg
INFO: [ app_init ] --START--
INFO: Run Behavior\BuildLiteBehavior [ RunTime:0.000000s ]
INFO: [ app_init ] --END-- [ RunTime:0.000000s ]

[ 2016-07-04T22:27:17+08:00 ] ::1 /img/img4.jpg
INFO: [ app_init ] --START--
INFO: Run Behavior\BuildLiteBehavior [ RunTime:0.000000s ]
INFO: [ app_init ] --END-- [ RunTime:0.001000s ]

[ 2016-07-04T22:27:17+08:00 ] ::1 /img/img6.jpg
INFO: [ app_init ] --START--
INFO: Run Behavior\BuildLiteBehavior [ RunTime:0.001000s ]
INFO: [ app_init ] --END-- [ RunTime:0.001000s ]

[ 2016-07-04T22:27:17+08:00 ] ::1 /img/img3.jpg
INFO: [ app_init ] --START--
INFO: Run Behavior\BuildLiteBehavior [ RunTime:0.000000s ]
INFO: [ app_init ] --END-- [ RunTime:0.000000s ]

[ 2016-07-04T22:27:17+08:00 ] ::1 /img/img2.jpg
INFO: [ app_init ] --START--
INFO: Run Behavior\BuildLiteBehavior [ RunTime:0.000000s ]
INFO: [ app_init ] --END-- [ RunTime:0.001000s ]

[ 2016-07-04T22:27:17+08:00 ] ::1 /img/user_avatar_704px_1195968_easyicon.net.png
INFO: [ app_init ] --START--
INFO: Run Behavior\BuildLiteBehavior [ RunTime:0.000000s ]
INFO: [ app_init ] --END-- [ RunTime:0.000000s ]

[ 2016-07-04T22:27:17+08:00 ] ::1 /img/img12.jpg
INFO: [ app_init ] --START--
INFO: Run Behavior\BuildLiteBehavior [ RunTime:0.000000s ]
INFO: [ app_init ] --END-- [ RunTime:0.001000s ]

[ 2016-07-04T22:27:18+08:00 ] ::1 /img/img9.jpg
INFO: [ app_init ] --START--
INFO: Run Behavior\BuildLiteBehavior [ RunTime:0.000000s ]
INFO: [ app_init ] --END-- [ RunTime:0.001000s ]

[ 2016-07-04T22:27:18+08:00 ] ::1 /img/img10.jpg
INFO: [ app_init ] --START--
INFO: Run Behavior\BuildLiteBehavior [ RunTime:0.000000s ]
INFO: [ app_init ] --END-- [ RunTime:0.001000s ]

[ 2016-07-04T22:27:45+08:00 ] ::1 /
INFO: [ app_init ] --START--
INFO: Run Behavior\BuildLiteBehavior [ RunTime:0.000000s ]
INFO: [ app_init ] --END-- [ RunTime:0.000000s ]
INFO: [ app_begin ] --START--
INFO: Run Behavior\ReadHtmlCacheBehavior [ RunTime:0.001000s ]
INFO: [ app_begin ] --END-- [ RunTime:0.001000s ]
SQL: SHOW COLUMNS FROM `goods` [ RunTime:0.0050s ]
SQL: SELECT * FROM `goods` WHERE ( status != -1 )  [ RunTime:0.0010s ]
NOTIC: [8192] Non-static method Org\Util\Date::dateDiff() should not be called statically, assuming $this from incompatible context E:\xampp\htdocs\wechou\wechou\Home\Controller\IndexController.class.php 第 19 行.
NOTIC: [8192] Non-static method Org\Util\Date::dateDiff() should not be called statically, assuming $this from incompatible context E:\xampp\htdocs\wechou\wechou\Home\Controller\IndexController.class.php 第 21 行.
NOTIC: [8192] Non-static method Org\Util\Date::dateDiff() should not be called statically, assuming $this from incompatible context E:\xampp\htdocs\wechou\wechou\Home\Controller\IndexController.class.php 第 23 行.
NOTIC: [8192] Non-static method Org\Util\Date::dateDiff() should not be called statically, assuming $this from incompatible context E:\xampp\htdocs\wechou\wechou\Home\Controller\IndexController.class.php 第 24 行.
NOTIC: [8192] Non-static method Org\Util\Date::dateDiff() should not be called statically, assuming $this from incompatible context E:\xampp\htdocs\wechou\wechou\Home\Controller\IndexController.class.php 第 19 行.
NOTIC: [8192] Non-static method Org\Util\Date::dateDiff() should not be called statically, assuming $this from incompatible context E:\xampp\htdocs\wechou\wechou\Home\Controller\IndexController.class.php 第 21 行.
NOTIC: [8192] Non-static method Org\Util\Date::dateDiff() should not be called statically, assuming $this from incompatible context E:\xampp\htdocs\wechou\wechou\Home\Controller\IndexController.class.php 第 21 行.
NOTIC: [8192] Non-static method Org\Util\Date::dateDiff() should not be called statically, assuming $this from incompatible context E:\xampp\htdocs\wechou\wechou\Home\Controller\IndexController.class.php 第 22 行.
INFO: [ view_parse ] --START--
INFO: [ template_filter ] --START--
INFO: Run Behavior\ContentReplaceBehavior [ RunTime:0.000000s ]
INFO: [ template_filter ] --END-- [ RunTime:0.000000s ]
INFO: Run Behavior\ParseTemplateBehavior [ RunTime:0.011001s ]
INFO: [ view_parse ] --END-- [ RunTime:0.011001s ]
INFO: [ view_filter ] --START--
INFO: Run Behavior\WriteHtmlCacheBehavior [ RunTime:0.001000s ]
INFO: [ view_filter ] --END-- [ RunTime:0.001000s ]
INFO: [ app_end ] --START--
INFO: Run Behavior\ShowPageTraceBehavior [ RunTime:0.001000s ]
INFO: [ app_end ] --END-- [ RunTime:0.001000s ]

[ 2016-07-04T22:27:45+08:00 ] ::1 /img/img12.jpg
INFO: [ app_init ] --START--
INFO: Run Behavior\BuildLiteBehavior [ RunTime:0.000000s ]
INFO: [ app_init ] --END-- [ RunTime:0.001000s ]

[ 2016-07-04T22:27:45+08:00 ] ::1 /img/img11.jpg
INFO: [ app_init ] --START--
INFO: Run Behavior\BuildLiteBehavior [ RunTime:0.000000s ]
INFO: [ app_init ] --END-- [ RunTime:0.001000s ]

[ 2016-07-04T22:27:45+08:00 ] ::1 /img/img9.jpg
INFO: [ app_init ] --START--
INFO: Run Behavior\BuildLiteBehavior [ RunTime:0.000000s ]
INFO: [ app_init ] --END-- [ RunTime:0.001000s ]

[ 2016-07-04T22:27:45+08:00 ] ::1 /img/img1.jpg
INFO: [ app_init ] --START--
INFO: Run Behavior\BuildLiteBehavior [ RunTime:0.000000s ]
INFO: [ app_init ] --END-- [ RunTime:0.000000s ]

[ 2016-07-04T22:27:45+08:00 ] ::1 /img/img7.jpg
INFO: [ app_init ] --START--
INFO: Run Behavior\BuildLiteBehavior [ RunTime:0.000000s ]
INFO: [ app_init ] --END-- [ RunTime:0.000000s ]

[ 2016-07-04T22:27:45+08:00 ] ::1 /img/img5.jpg
INFO: [ app_init ] --START--
INFO: Run Behavior\BuildLiteBehavior [ RunTime:0.000000s ]
INFO: [ app_init ] --END-- [ RunTime:0.001000s ]

[ 2016-07-04T22:27:45+08:00 ] ::1 /img/img10.jpg
INFO: [ app_init ] --START--
INFO: Run Behavior\BuildLiteBehavior [ RunTime:0.000000s ]
INFO: [ app_init ] --END-- [ RunTime:0.000000s ]

[ 2016-07-04T22:27:45+08:00 ] ::1 /img/img6.jpg
INFO: [ app_init ] --START--
INFO: Run Behavior\BuildLiteBehavior [ RunTime:0.000000s ]
INFO: [ app_init ] --END-- [ RunTime:0.000000s ]

[ 2016-07-04T22:27:45+08:00 ] ::1 /img/img3.jpg
INFO: [ app_init ] --START--
INFO: Run Behavior\BuildLiteBehavior [ RunTime:0.000000s ]
INFO: [ app_init ] --END-- [ RunTime:0.002000s ]

[ 2016-07-04T22:27:45+08:00 ] ::1 /img/img2.jpg
INFO: [ app_init ] --START--
INFO: Run Behavior\BuildLiteBehavior [ RunTime:0.000000s ]
INFO: [ app_init ] --END-- [ RunTime:0.000000s ]

[ 2016-07-04T22:27:46+08:00 ] ::1 /img/img4.jpg
INFO: [ app_init ] --START--
INFO: Run Behavior\BuildLiteBehavior [ RunTime:0.000000s ]
INFO: [ app_init ] --END-- [ RunTime:0.000000s ]

[ 2016-07-04T22:27:46+08:00 ] ::1 /img/img8.jpg
INFO: [ app_init ] --START--
INFO: Run Behavior\BuildLiteBehavior [ RunTime:0.000000s ]
INFO: [ app_init ] --END-- [ RunTime:0.000000s ]

[ 2016-07-04T22:27:46+08:00 ] ::1 /img/user_avatar_704px_1195968_easyicon.net.png
INFO: [ app_init ] --START--
INFO: Run Behavior\BuildLiteBehavior [ RunTime:0.000000s ]
INFO: [ app_init ] --END-- [ RunTime:0.001000s ]

[ 2016-07-04T22:27:49+08:00 ] ::1 /
INFO: [ app_init ] --START--
INFO: Run Behavior\BuildLiteBehavior [ RunTime:0.000000s ]
INFO: [ app_init ] --END-- [ RunTime:0.001000s ]
INFO: [ app_begin ] --START--
INFO: Run Behavior\ReadHtmlCacheBehavior [ RunTime:0.001000s ]
INFO: [ app_begin ] --END-- [ RunTime:0.001000s ]
SQL: SHOW COLUMNS FROM `goods` [ RunTime:0.0090s ]
SQL: SELECT * FROM `goods` WHERE ( status != -1 )  [ RunTime:0.0010s ]
NOTIC: [8192] Non-static method Org\Util\Date::dateDiff() should not be called statically, assuming $this from incompatible context E:\xampp\htdocs\wechou\wechou\Home\Controller\IndexController.class.php 第 19 行.
NOTIC: [8192] Non-static method Org\Util\Date::dateDiff() should not be called statically, assuming $this from incompatible context E:\xampp\htdocs\wechou\wechou\Home\Controller\IndexController.class.php 第 21 行.
NOTIC: [8192] Non-static method Org\Util\Date::dateDiff() should not be called statically, assuming $this from incompatible context E:\xampp\htdocs\wechou\wechou\Home\Controller\IndexController.class.php 第 23 行.
NOTIC: [8192] Non-static method Org\Util\Date::dateDiff() should not be called statically, assuming $this from incompatible context E:\xampp\htdocs\wechou\wechou\Home\Controller\IndexController.class.php 第 24 行.
NOTIC: [8192] Non-static method Org\Util\Date::dateDiff() should not be called statically, assuming $this from incompatible context E:\xampp\htdocs\wechou\wechou\Home\Controller\IndexController.class.php 第 19 行.
NOTIC: [8192] Non-static method Org\Util\Date::dateDiff() should not be called statically, assuming $this from incompatible context E:\xampp\htdocs\wechou\wechou\Home\Controller\IndexController.class.php 第 21 行.
NOTIC: [8192] Non-static method Org\Util\Date::dateDiff() should not be called statically, assuming $this from incompatible context E:\xampp\htdocs\wechou\wechou\Home\Controller\IndexController.class.php 第 21 行.
NOTIC: [8192] Non-static method Org\Util\Date::dateDiff() should not be called statically, assuming $this from incompatible context E:\xampp\htdocs\wechou\wechou\Home\Controller\IndexController.class.php 第 22 行.
INFO: [ view_parse ] --START--
INFO: [ template_filter ] --START--
INFO: Run Behavior\ContentReplaceBehavior [ RunTime:0.000000s ]
INFO: [ template_filter ] --END-- [ RunTime:0.001000s ]
INFO: Run Behavior\ParseTemplateBehavior [ RunTime:0.011001s ]
INFO: [ view_parse ] --END-- [ RunTime:0.012001s ]
INFO: [ view_filter ] --START--
INFO: Run Behavior\WriteHtmlCacheBehavior [ RunTime:0.000000s ]
INFO: [ view_filter ] --END-- [ RunTime:0.001000s ]
INFO: [ app_end ] --START--
INFO: Run Behavior\ShowPageTraceBehavior [ RunTime:0.001000s ]
INFO: [ app_end ] --END-- [ RunTime:0.001000s ]

[ 2016-07-04T22:27:50+08:00 ] ::1 /img/img1.jpg
INFO: [ app_init ] --START--
INFO: Run Behavior\BuildLiteBehavior [ RunTime:0.000000s ]
INFO: [ app_init ] --END-- [ RunTime:0.001000s ]

[ 2016-07-04T22:27:50+08:00 ] ::1 /img/img12.jpg
INFO: [ app_init ] --START--
INFO: Run Behavior\BuildLiteBehavior [ RunTime:0.000000s ]
INFO: [ app_init ] --END-- [ RunTime:0.001000s ]

[ 2016-07-04T22:27:50+08:00 ] ::1 /img/img10.jpg
INFO: [ app_init ] --START--
INFO: Run Behavior\BuildLiteBehavior [ RunTime:0.000000s ]
INFO: [ app_init ] --END-- [ RunTime:0.001000s ]

[ 2016-07-04T22:27:50+08:00 ] ::1 /img/img11.jpg
INFO: [ app_init ] --START--
INFO: Run Behavior\BuildLiteBehavior [ RunTime:0.000000s ]
INFO: [ app_init ] --END-- [ RunTime:0.001000s ]

[ 2016-07-04T22:27:50+08:00 ] ::1 /img/img8.jpg
INFO: [ app_init ] --START--
INFO: Run Behavior\BuildLiteBehavior [ RunTime:0.000000s ]
INFO: [ app_init ] --END-- [ RunTime:0.001000s ]

[ 2016-07-04T22:27:50+08:00 ] ::1 /img/img9.jpg
INFO: [ app_init ] --START--
INFO: Run Behavior\BuildLiteBehavior [ RunTime:0.000000s ]
INFO: [ app_init ] --END-- [ RunTime:0.001000s ]

[ 2016-07-04T22:27:50+08:00 ] ::1 /img/img7.jpg
INFO: [ app_init ] --START--
INFO: Run Behavior\BuildLiteBehavior [ RunTime:0.000000s ]
INFO: [ app_init ] --END-- [ RunTime:0.001000s ]

[ 2016-07-04T22:27:50+08:00 ] ::1 /img/img4.jpg
INFO: [ app_init ] --START--
INFO: Run Behavior\BuildLiteBehavior [ RunTime:0.000000s ]
INFO: [ app_init ] --END-- [ RunTime:0.004000s ]

[ 2016-07-04T22:27:50+08:00 ] ::1 /img/img6.jpg
INFO: [ app_init ] --START--
INFO: Run Behavior\BuildLiteBehavior [ RunTime:0.000000s ]
INFO: [ app_init ] --END-- [ RunTime:0.000000s ]

[ 2016-07-04T22:27:50+08:00 ] ::1 /img/img3.jpg
INFO: [ app_init ] --START--
INFO: Run Behavior\BuildLiteBehavior [ RunTime:0.000000s ]
INFO: [ app_init ] --END-- [ RunTime:0.000000s ]

[ 2016-07-04T22:27:50+08:00 ] ::1 /img/user_avatar_704px_1195968_easyicon.net.png
INFO: [ app_init ] --START--
INFO: Run Behavior\BuildLiteBehavior [ RunTime:0.000000s ]
INFO: [ app_init ] --END-- [ RunTime:0.001000s ]

[ 2016-07-04T22:27:50+08:00 ] ::1 /img/img2.jpg
INFO: [ app_init ] --START--
INFO: Run Behavior\BuildLiteBehavior [ RunTime:0.000000s ]
INFO: [ app_init ] --END-- [ RunTime:0.001000s ]

[ 2016-07-04T22:27:50+08:00 ] ::1 /img/img5.jpg
INFO: [ app_init ] --START--
INFO: Run Behavior\BuildLiteBehavior [ RunTime:0.000000s ]
INFO: [ app_init ] --END-- [ RunTime:0.002000s ]

[ 2016-07-04T22:27:52+08:00 ] ::1 /Index/content?goods_id=4
INFO: [ app_init ] --START--
INFO: Run Behavior\BuildLiteBehavior [ RunTime:0.000000s ]
INFO: [ app_init ] --END-- [ RunTime:0.001000s ]
INFO: [ app_begin ] --START--
INFO: Run Behavior\ReadHtmlCacheBehavior [ RunTime:0.002000s ]
INFO: [ app_begin ] --END-- [ RunTime:0.002000s ]
SQL: SHOW COLUMNS FROM `goods` [ RunTime:0.0050s ]
SQL: SHOW COLUMNS FROM `spec` [ RunTime:0.0080s ]
SQL: SELECT * FROM `goods` WHERE ( goods.gid=4 && status=2  ) LIMIT 1   [ RunTime:0.0020s ]
SQL: SELECT * FROM `spec` WHERE ( gid=4 ) ORDER BY money asc  [ RunTime:0.0010s ]
INFO: [ view_parse ] --START--
INFO: [ template_filter ] --START--
INFO: Run Behavior\ContentReplaceBehavior [ RunTime:0.000000s ]
INFO: [ template_filter ] --END-- [ RunTime:0.000000s ]
INFO: Run Behavior\ParseTemplateBehavior [ RunTime:0.015000s ]
INFO: [ view_parse ] --END-- [ RunTime:0.015000s ]
INFO: [ view_filter ] --START--
INFO: Run Behavior\WriteHtmlCacheBehavior [ RunTime:0.001001s ]
INFO: [ view_filter ] --END-- [ RunTime:0.001001s ]
INFO: [ app_end ] --START--
INFO: Run Behavior\ShowPageTraceBehavior [ RunTime:0.001000s ]
INFO: [ app_end ] --END-- [ RunTime:0.001000s ]

[ 2016-07-04T22:29:20+08:00 ] 192.168.23.8 //
INFO: [ app_init ] --START--
INFO: Run Behavior\BuildLiteBehavior [ RunTime:0.000000s ]
INFO: [ app_init ] --END-- [ RunTime:0.001000s ]
INFO: [ app_begin ] --START--
INFO: Run Behavior\ReadHtmlCacheBehavior [ RunTime:0.002000s ]
INFO: [ app_begin ] --END-- [ RunTime:0.002000s ]
SQL: SHOW COLUMNS FROM `goods` [ RunTime:0.0060s ]
SQL: SELECT * FROM `goods` WHERE ( status != -1 )  [ RunTime:0.0010s ]
NOTIC: [8192] Non-static method Org\Util\Date::dateDiff() should not be called statically, assuming $this from incompatible context E:\xampp\htdocs\wechou\wechou\Home\Controller\IndexController.class.php 第 19 行.
NOTIC: [8192] Non-static method Org\Util\Date::dateDiff() should not be called statically, assuming $this from incompatible context E:\xampp\htdocs\wechou\wechou\Home\Controller\IndexController.class.php 第 21 行.
NOTIC: [8192] Non-static method Org\Util\Date::dateDiff() should not be called statically, assuming $this from incompatible context E:\xampp\htdocs\wechou\wechou\Home\Controller\IndexController.class.php 第 23 行.
NOTIC: [8192] Non-static method Org\Util\Date::dateDiff() should not be called statically, assuming $this from incompatible context E:\xampp\htdocs\wechou\wechou\Home\Controller\IndexController.class.php 第 24 行.
NOTIC: [8192] Non-static method Org\Util\Date::dateDiff() should not be called statically, assuming $this from incompatible context E:\xampp\htdocs\wechou\wechou\Home\Controller\IndexController.class.php 第 19 行.
NOTIC: [8192] Non-static method Org\Util\Date::dateDiff() should not be called statically, assuming $this from incompatible context E:\xampp\htdocs\wechou\wechou\Home\Controller\IndexController.class.php 第 21 行.
NOTIC: [8192] Non-static method Org\Util\Date::dateDiff() should not be called statically, assuming $this from incompatible context E:\xampp\htdocs\wechou\wechou\Home\Controller\IndexController.class.php 第 21 行.
NOTIC: [8192] Non-static method Org\Util\Date::dateDiff() should not be called statically, assuming $this from incompatible context E:\xampp\htdocs\wechou\wechou\Home\Controller\IndexController.class.php 第 22 行.
INFO: [ view_parse ] --START--
INFO: [ template_filter ] --START--
INFO: Run Behavior\ContentReplaceBehavior [ RunTime:0.000000s ]
INFO: [ template_filter ] --END-- [ RunTime:0.000000s ]
INFO: Run Behavior\ParseTemplateBehavior [ RunTime:0.013001s ]
INFO: [ view_parse ] --END-- [ RunTime:0.013001s ]
INFO: [ view_filter ] --START--
INFO: Run Behavior\WriteHtmlCacheBehavior [ RunTime:0.003000s ]
INFO: [ view_filter ] --END-- [ RunTime:0.003000s ]
INFO: [ app_end ] --START--
INFO: Run Behavior\ShowPageTraceBehavior [ RunTime:0.002000s ]
INFO: [ app_end ] --END-- [ RunTime:0.002000s ]

[ 2016-07-04T23:06:13+08:00 ] 192.168.23.4 //
INFO: [ app_init ] --START--
INFO: Run Behavior\BuildLiteBehavior [ RunTime:0.000000s ]
INFO: [ app_init ] --END-- [ RunTime:0.000000s ]
INFO: [ app_begin ] --START--
INFO: Run Behavior\ReadHtmlCacheBehavior [ RunTime:0.001000s ]
INFO: [ app_begin ] --END-- [ RunTime:0.001000s ]
SQL: SHOW COLUMNS FROM `goods` [ RunTime:0.0210s ]
SQL: SELECT * FROM `goods` WHERE ( status != -1 )  [ RunTime:0.0020s ]
NOTIC: [8192] Non-static method Org\Util\Date::dateDiff() should not be called statically, assuming $this from incompatible context E:\xampp\htdocs\wechou\wechou\Home\Controller\IndexController.class.php 第 19 行.
NOTIC: [8192] Non-static method Org\Util\Date::dateDiff() should not be called statically, assuming $this from incompatible context E:\xampp\htdocs\wechou\wechou\Home\Controller\IndexController.class.php 第 21 行.
NOTIC: [8192] Non-static method Org\Util\Date::dateDiff() should not be called statically, assuming $this from incompatible context E:\xampp\htdocs\wechou\wechou\Home\Controller\IndexController.class.php 第 23 行.
NOTIC: [8192] Non-static method Org\Util\Date::dateDiff() should not be called statically, assuming $this from incompatible context E:\xampp\htdocs\wechou\wechou\Home\Controller\IndexController.class.php 第 24 行.
NOTIC: [8192] Non-static method Org\Util\Date::dateDiff() should not be called statically, assuming $this from incompatible context E:\xampp\htdocs\wechou\wechou\Home\Controller\IndexController.class.php 第 19 行.
NOTIC: [8192] Non-static method Org\Util\Date::dateDiff() should not be called statically, assuming $this from incompatible context E:\xampp\htdocs\wechou\wechou\Home\Controller\IndexController.class.php 第 21 行.
NOTIC: [8192] Non-static method Org\Util\Date::dateDiff() should not be called statically, assuming $this from incompatible context E:\xampp\htdocs\wechou\wechou\Home\Controller\IndexController.class.php 第 21 行.
NOTIC: [8192] Non-static method Org\Util\Date::dateDiff() should not be called statically, assuming $this from incompatible context E:\xampp\htdocs\wechou\wechou\Home\Controller\IndexController.class.php 第 22 行.
INFO: [ view_parse ] --START--
INFO: [ template_filter ] --START--
INFO: Run Behavior\ContentReplaceBehavior [ RunTime:0.000000s ]
INFO: [ template_filter ] --END-- [ RunTime:0.000000s ]
INFO: Run Behavior\ParseTemplateBehavior [ RunTime:0.017001s ]
INFO: [ view_parse ] --END-- [ RunTime:0.017001s ]
INFO: [ view_filter ] --START--
INFO: Run Behavior\WriteHtmlCacheBehavior [ RunTime:0.001000s ]
INFO: [ view_filter ] --END-- [ RunTime:0.001000s ]
INFO: [ app_end ] --START--
INFO: Run Behavior\ShowPageTraceBehavior [ RunTime:0.001000s ]
INFO: [ app_end ] --END-- [ RunTime:0.001000s ]

[ 2016-07-04T23:18:27+08:00 ] 192.168.23.4 //
INFO: [ app_init ] --START--
INFO: Run Behavior\BuildLiteBehavior [ RunTime:0.000000s ]
INFO: [ app_init ] --END-- [ RunTime:0.001000s ]
INFO: [ app_begin ] --START--
INFO: Run Behavior\ReadHtmlCacheBehavior [ RunTime:0.002000s ]
INFO: [ app_begin ] --END-- [ RunTime:0.002000s ]
SQL: SHOW COLUMNS FROM `goods` [ RunTime:0.0060s ]
SQL: SELECT * FROM `goods` WHERE ( status != -1 )  [ RunTime:0.0020s ]
NOTIC: [8192] Non-static method Org\Util\Date::dateDiff() should not be called statically, assuming $this from incompatible context E:\xampp\htdocs\wechou\wechou\Home\Controller\IndexController.class.php 第 19 行.
NOTIC: [8192] Non-static method Org\Util\Date::dateDiff() should not be called statically, assuming $this from incompatible context E:\xampp\htdocs\wechou\wechou\Home\Controller\IndexController.class.php 第 21 行.
NOTIC: [8192] Non-static method Org\Util\Date::dateDiff() should not be called statically, assuming $this from incompatible context E:\xampp\htdocs\wechou\wechou\Home\Controller\IndexController.class.php 第 23 行.
NOTIC: [8192] Non-static method Org\Util\Date::dateDiff() should not be called statically, assuming $this from incompatible context E:\xampp\htdocs\wechou\wechou\Home\Controller\IndexController.class.php 第 24 行.
NOTIC: [8192] Non-static method Org\Util\Date::dateDiff() should not be called statically, assuming $this from incompatible context E:\xampp\htdocs\wechou\wechou\Home\Controller\IndexController.class.php 第 19 行.
NOTIC: [8192] Non-static method Org\Util\Date::dateDiff() should not be called statically, assuming $this from incompatible context E:\xampp\htdocs\wechou\wechou\Home\Controller\IndexController.class.php 第 21 行.
NOTIC: [8192] Non-static method Org\Util\Date::dateDiff() should not be called statically, assuming $this from incompatible context E:\xampp\htdocs\wechou\wechou\Home\Controller\IndexController.class.php 第 21 行.
NOTIC: [8192] Non-static method Org\Util\Date::dateDiff() should not be called statically, assuming $this from incompatible context E:\xampp\htdocs\wechou\wechou\Home\Controller\IndexController.class.php 第 22 行.
INFO: [ view_parse ] --START--
INFO: [ template_filter ] --START--
INFO: Run Behavior\ContentReplaceBehavior [ RunTime:0.000000s ]
INFO: [ template_filter ] --END-- [ RunTime:0.000000s ]
INFO: Run Behavior\ParseTemplateBehavior [ RunTime:0.014001s ]
INFO: [ view_parse ] --END-- [ RunTime:0.014001s ]
INFO: [ view_filter ] --START--
INFO: Run Behavior\WriteHtmlCacheBehavior [ RunTime:0.001000s ]
INFO: [ view_filter ] --END-- [ RunTime:0.001000s ]
INFO: [ app_end ] --START--
INFO: Run Behavior\ShowPageTraceBehavior [ RunTime:0.001000s ]
INFO: [ app_end ] --END-- [ RunTime:0.002000s ]

