[ 2016-07-22T12:24:46+08:00 ] ::1 /Backend/manager/send
INFO: [ app_init ] --START--
INFO: Run Behavior\BuildLiteBehavior [ RunTime:0.000000s ]
INFO: [ app_init ] --END-- [ RunTime:0.086005s ]
INFO: [ app_begin ] --START--
INFO: Run Behavior\ReadHtmlCacheBehavior [ RunTime:0.037002s ]
INFO: [ app_begin ] --END-- [ RunTime:0.037002s ]
SQL: SHOW COLUMNS FROM `cate` [ RunTime:0.4990s ]
SQL: SELECT * FROM `cate` WHERE ( status=1 )  [ RunTime:0.1190s ]
INFO: [ view_parse ] --START--
INFO: [ template_filter ] --START--
INFO: Run Behavior\ContentReplaceBehavior [ RunTime:0.049003s ]
INFO: [ template_filter ] --END-- [ RunTime:0.050003s ]
NOTIC: [8] Undefined index: user E:\xampp\htdocs\weichou\wechou\Runtime\Cache\Backend\c6bd15d8b5e9d014106da2fdd0bad70f.php 第 74 行.
NOTIC: [8] Undefined index: user E:\xampp\htdocs\weichou\wechou\Runtime\Cache\Backend\c6bd15d8b5e9d014106da2fdd0bad70f.php 第 93 行.
INFO: Run Behavior\ParseTemplateBehavior [ RunTime:0.279015s ]
INFO: [ view_parse ] --END-- [ RunTime:0.280016s ]
INFO: [ view_filter ] --START--
INFO: Run Behavior\WriteHtmlCacheBehavior [ RunTime:0.052003s ]
INFO: [ view_filter ] --END-- [ RunTime:0.052003s ]
INFO: [ app_end ] --START--
INFO: Run Behavior\ShowPageTraceBehavior [ RunTime:0.035002s ]
INFO: [ app_end ] --END-- [ RunTime:0.036002s ]

